1.000000
1.250000
1.361111
1.423611
1.463611
1.491389
1.511797
1.527422
1.539768
1.549768
1.558032
1.564977
1.570894
1.575996
1.580440
1.584347
1.587807
1.590893
1.593663
1.596163
1.598431
1.600497
1.602387
1.604123
1.605723
1.607203
1.608574
1.609850
1.611039
1.612150
1.613191
1.614167
1.615086
1.615951
1.616767
1.617539
1.618269
1.618962
1.619619
1.620244
1.620839
1.621406
1.621947
1.622463
1.622957
1.623430
1.623882
1.624316
1.624733
1.625133
1.625517
1.625887
1.626243
1.626586
1.626917
1.627235
1.627543
1.627840
1.628128
1.628406
1.628674
1.628934
1.629186
1.629431
1.629667
1.629897
1.630120
1.630336
1.630546
1.630750
1.630948
1.631141
1.631329
1.631511
1.631689
1.631862
1.632031
1.632195
1.632356
1.632512
1.632664
1.632813
1.632958
1.633100
1.633238
1.633374
1.633506
1.633635
1.633761
1.633884
1.634005
1.634123
1.634239
1.634352
1.634463
1.634571
1.634678
1.634782
1.634884
1.634984
1.635082
1.635178
1.635272
1.635365
1.635455
1.635544
1.635632
1.635718
1.635802
1.635884
1.635966
1.636045
1.636124
1.636200
1.636276
1.636350
1.636423
1.636495
1.636566
1.636635
1.636704
1.636771
1.636837
1.636902
1.636966
1.637029
1.637091
1.637152
1.637212
1.637271
1.637330
1.637387
1.637443
1.637499
1.637554
1.637608
1.637661
1.637714
1.637766
1.637817
1.637867
1.637917
1.637965
1.638014
1.638061
1.638108
1.638154
1.638200
1.638245
1.638290
1.638333
1.638377
1.638419
1.638462
1.638503
1.638544
1.638585
1.638625
1.638664
1.638704
1.638742
1.638780
1.638818
1.638855
1.638892
1.638928
1.638964
1.638999
1.639034
1.639069
1.639103
1.639137
1.639170
1.639203
1.639236
1.639268
1.639300
1.639332
1.639363
1.639394
1.639424
1.639455
1.639484
1.639514
1.639543
1.639572
1.639601
1.639629
1.639657
1.639685
1.639712
1.639739
1.639766
1.639793
1.639819
1.639845
1.639871
1.639896
1.639922
1.639947
1.639971
1.639996
1.640020
1.640044
1.640068
1.640091
1.640115
1.640138
1.640161
1.640183
1.640206
1.640228
1.640250
1.640272
1.640294
1.640315
1.640336
1.640357
1.640378
1.640399
1.640419
1.640440
1.640460
1.640480
1.640499
1.640519
1.640538
1.640558
1.640577
1.640596
1.640614
1.640633
1.640651
1.640670
1.640688
1.640706
1.640724
1.640741
1.640759
1.640776
1.640793
1.640810
1.640827
1.640844
1.640861
1.640877
1.640894
1.640910
1.640926
1.640942
1.640958
1.640974
1.640989
1.641005
1.641020
1.641035
1.641051
1.641066
1.641081
1.641095
1.641110
1.641125
1.641139
1.641153
1.641168
1.641182
1.641196
1.641210
1.641223
1.641237
1.641251
1.641264
1.641278
1.641291
1.641304
1.641317
1.641330
1.641343
1.641356
1.641369
1.641382
1.641394
1.641407
1.641419
1.641431
1.641444
1.641456
1.641468
1.641480
1.641492
1.641504
1.641515
1.641527
1.641538
1.641550
1.641561
1.641573
1.641584
1.641595
1.641606
1.641617
1.641628
1.641639
1.641650
1.641661
1.641671
1.641682
1.641693
1.641703
1.641713
1.641724
1.641734
1.641744
1.641754
1.641764
1.641775
1.641784
1.641794
1.641804
1.641814
1.641824
1.641833
1.641843
1.641852
1.641862
1.641871
1.641881
1.641890
1.641899
1.641908
1.641917
1.641927
1.641936
1.641945
1.641953
1.641962
1.641971
1.641980
1.641989
1.641997
1.642006
1.642014
1.642023
1.642031
1.642040
1.642048
1.642056
1.642065
1.642073
1.642081
1.642089
1.642097
1.642105
1.642113
1.642121
1.642129
1.642137
1.642145
1.642152
1.642160
1.642168
1.642175
1.642183
1.642191
1.642198
1.642206
1.642213
1.642220
1.642228
1.642235
1.642242
1.642250
1.642257
1.642264
1.642271
1.642278
1.642285
1.642292
1.642299
1.642306
1.642313
1.642320
1.642327
1.642333
1.642340
1.642347
1.642353
1.642360
1.642367
1.642373
1.642380
1.642386
1.642393
1.642399
1.642406
1.642412
1.642418
1.642425
1.642431
1.642437
1.642443
1.642450
1.642456
1.642462
1.642468
1.642474
1.642480
1.642486
1.642492
1.642498
1.642504
1.642510
1.642516
1.642522
1.642527
1.642533
1.642539
1.642545
1.642550
1.642556
1.642562
1.642567
1.642573
1.642578
1.642584
1.642589
1.642595
1.642600
1.642606
1.642611
1.642617
1.642622
1.642627
1.642633
1.642638
1.642643
1.642648
1.642654
1.642659
1.642664
1.642669
1.642674
1.642679
1.642684
1.642689
1.642694
1.642699
1.642704
1.642709
1.642714
1.642719
1.642724
1.642729
1.642734
1.642739
1.642743
1.642748
1.642753
1.642758
1.642763
1.642767
1.642772
1.642777
1.642781
1.642786
1.642790
1.642795
1.642800
1.642804
1.642809
1.642813
1.642818
1.642822
1.642827
1.642831
1.642835
1.642840
1.642844
1.642849
1.642853
1.642857
1.642862
1.642866
1.642870
1.642874
1.642879
1.642883
1.642887
1.642891
1.642895
1.642899
1.642904
1.642908
1.642912
1.642916
1.642920
1.642924
1.642928
1.642932
1.642936
1.642940
1.642944
1.642948
1.642952
1.642956
1.642960
1.642964
1.642967
1.642971
1.642975
1.642979
1.642983
1.642987
1.642990
1.642994
1.642998
1.643002
1.643005
1.643009
1.643013
1.643017
1.643020
1.643024
1.643027
1.643031
1.643035
1.643038
1.643042
1.643045
1.643049
1.643053
1.643056
1.643060
1.643063
1.643067
1.643070
1.643074
1.643077
1.643080
1.643084
1.643087
1.643091
1.643094
1.643098
1.643101
1.643104
1.643108
1.643111
1.643114
1.643118
1.643121
1.643124
1.643127
1.643131
1.643134
1.643137
1.643140
1.643144
1.643147
1.643150
1.643153
1.643156
1.643159
1.643163
1.643166
1.643169
1.643172
1.643175
1.643178
1.643181
1.643184
1.643187
1.643190
1.643193
1.643196
1.643199
1.643202
1.643205
1.643208
1.643211
1.643214
1.643217
1.643220
1.643223
1.643226
1.643229
1.643232
1.643235
1.643238
1.643241
1.643243
1.643246
1.643249
1.643252
1.643255
1.643258
1.643260
1.643263
1.643266
1.643269
1.643272
1.643274
1.643277
1.643280
1.643283
1.643285
1.643288
1.643291
1.643293
1.643296
1.643299
1.643301
1.643304
1.643307
1.643309
1.643312
1.643315
1.643317
1.643320
1.643322
1.643325
1.643328
1.643330
1.643333
1.643335
1.643338
1.643340
1.643343
1.643346
1.643348
1.643351
1.643353
1.643356
1.643358
1.643361
1.643363
1.643365
1.643368
1.643370
1.643373
1.643375
1.643378
1.643380
1.643382
1.643385
1.643387
1.643390
1.643392
1.643394
1.643397
1.643399
1.643402
1.643404
1.643406
1.643409
1.643411
1.643413
1.643415
1.643418
1.643420
1.643422
1.643425
1.643427
1.643429
1.643431
1.643434
1.643436
1.643438
1.643440
1.643443
1.643445
1.643447
1.643449
1.643451
1.643454
1.643456
1.643458
1.643460
1.643462
1.643465
1.643467
1.643469
1.643471
1.643473
1.643475
1.643477
1.643480
1.643482
1.643484
1.643486
1.643488
1.643490
1.643492
1.643494
1.643496
1.643498
1.643500
1.643502
1.643504
1.643507
1.643509
1.643511
1.643513
1.643515
1.643517
1.643519
1.643521
1.643523
1.643525
1.643527
1.643529
1.643531
1.643533
1.643534
1.643536
1.643538
1.643540
1.643542
1.643544
1.643546
1.643548
1.643550
1.643552
1.643554
1.643556
1.643558
1.643559
1.643561
1.643563
1.643565
1.643567
1.643569
1.643571
1.643573
1.643574
1.643576
1.643578
1.643580
1.643582
1.643584
1.643585
1.643587
1.643589
1.643591
1.643593
1.643594
1.643596
1.643598
1.643600
1.643602
1.643603
1.643605
1.643607
1.643609
1.643610
1.643612
1.643614
1.643616
1.643617
1.643619
1.643621
1.643623
1.643624
1.643626
1.643628
1.643629
1.643631
1.643633
1.643635
1.643636
1.643638
1.643640
1.643641
1.643643
1.643645
1.643646
1.643648
1.643650
1.643651
1.643653
1.643654
1.643656
1.643658
1.643659
1.643661
1.643663
1.643664
1.643666
1.643667
1.643669
1.643671
1.643672
1.643674
1.643675
1.643677
1.643679
1.643680
1.643682
1.643683
1.643685
1.643686
1.643688
1.643690
1.643691
1.643693
1.643694
1.643696
1.643697
1.643699
1.643700
1.643702
1.643703
1.643705
1.643706
1.643708
1.643709
1.643711
1.643712
1.643714
1.643715
1.643717
1.643718
1.643720
1.643721
1.643723
1.643724
1.643726
1.643727
1.643729
1.643730
1.643731
1.643733
1.643734
1.643736
1.643737
1.643739
1.643740
1.643741
1.643743
1.643744
1.643746
1.643747
1.643749
1.643750
1.643751
1.643753
1.643754
1.643756
1.643757
1.643758
1.643760
1.643761
1.643762
1.643764
1.643765
1.643767
1.643768
1.643769
1.643771
1.643772
1.643773
1.643775
1.643776
1.643777
1.643779
1.643780
1.643781
1.643783
1.643784
1.643785
1.643787
1.643788
1.643789
1.643791
1.643792
1.643793
1.643794
1.643796
1.643797
1.643798
1.643800
1.643801
1.643802
1.643803
1.643805
1.643806
1.643807
1.643809
1.643810
1.643811
1.643812
1.643814
1.643815
1.643816
1.643817
1.643819
1.643820
1.643821
1.643822
1.643824
1.643825
1.643826
1.643827
1.643828
1.643830
1.643831
1.643832
1.643833
1.643835
1.643836
1.643837
1.643838
1.643839
1.643841
1.643842
1.643843
1.643844
1.643845
1.643847
1.643848
1.643849
1.643850
1.643851
1.643852
1.643854
1.643855
1.643856
1.643857
1.643858
1.643859
1.643861
1.643862
1.643863
1.643864
1.643865
1.643866
1.643867
1.643869
1.643870
1.643871
1.643872
1.643873
1.643874
1.643875
1.643876
1.643878
1.643879
1.643880
1.643881
1.643882
1.643883
1.643884
1.643885
1.643886
1.643887
1.643889
1.643890
1.643891
1.643892
1.643893
1.643894
1.643895
1.643896
1.643897
1.643898
1.643899
1.643900
1.643902
1.643903
1.643904
1.643905
1.643906
1.643907
1.643908
1.643909
1.643910
1.643911
1.643912
1.643913
1.643914
1.643915
1.643916
1.643917
1.643918
1.643919
1.643920
1.643921
1.643922
1.643923
1.643924
1.643925
1.643927
1.643928
1.643929
1.643930
1.643931
1.643932
1.643933
1.643934
1.643935
1.643936
1.643937
1.643938
1.643939
1.643940
1.643941
1.643942
1.643942
1.643943
1.643944
1.643945
1.643946
1.643947
1.643948
1.643949
1.643950
1.643951
1.643952
1.643953
1.643954
1.643955
1.643956
1.643957
1.643958
1.643959
1.643960
1.643961
1.643962
1.643963
1.643964
1.643965
1.643966
1.643966
1.643967
1.643968
1.643969
1.643970
1.643971
1.643972
1.643973
1.643974
1.643975
1.643976
1.643977
1.643978
1.643979
1.643979
1.643980
1.643981
1.643982
1.643983
1.643984
1.643985
1.643986
1.643987
1.643988
1.643988
1.643989
1.643990
1.643991
1.643992
1.643993
1.643994
1.643995
1.643996
1.643996
1.643997
1.643998
1.643999
1.644000
1.644001
1.644002
1.644003
1.644003
1.644004
1.644005
1.644006
1.644007
1.644008
1.644009
1.644009
1.644010
1.644011
1.644012
1.644013
1.644014
1.644015
1.644015
1.644016
1.644017
1.644018
1.644019
1.644020
1.644020
1.644021
1.644022
1.644023
1.644024
1.644025
1.644025
1.644026
1.644027
1.644028
1.644029
1.644029
1.644030
1.644031
1.644032
1.644033
1.644034
1.644034
1.644035
1.644036
1.644037
1.644038
1.644038
1.644039
1.644040
1.644041
1.644042
1.644042
1.644043
1.644044
1.644045
1.644046
1.644046
1.644047
1.644048
1.644049
1.644050
1.644050
1.644051
1.644052
1.644053
1.644053
1.644054
1.644055
1.644056
1.644056
1.644057
1.644058
1.644059
1.644060
1.644060
1.644061
1.644062
1.644063
1.644063
1.644064
1.644065
1.644066
1.644066
1.644067
1.644068
1.644069
1.644069
1.644070
1.644071
1.644072
1.644072
1.644073
1.644074
1.644075
1.644075
1.644076
1.644077
1.644078
1.644078
1.644079
1.644080
1.644080
1.644081
1.644082
1.644083
1.644083
1.644084
1.644085
1.644086
1.644086
1.644087
1.644088
1.644088
1.644089
1.644090
1.644091
1.644091
1.644092
1.644093
1.644093
1.644094
1.644095
1.644095
1.644096
1.644097
1.644098
1.644098
1.644099
1.644100
1.644100
1.644101
1.644102
1.644102
1.644103
1.644104
1.644105
1.644105
1.644106
1.644107
1.644107
1.644108
1.644109
1.644109
1.644110
1.644111
1.644111
1.644112
1.644113
1.644113
1.644114
1.644115
1.644115
1.644116
1.644117
1.644117
1.644118
1.644119
1.644119
1.644120
1.644121
1.644121
1.644122
1.644123
1.644123
1.644124
1.644125
1.644125
1.644126
1.644127
1.644127
1.644128
1.644129
1.644129
1.644130
1.644131
1.644131
1.644132
1.644132
1.644133
1.644134
1.644134
1.644135
1.644136
1.644136
1.644137
1.644138
1.644138
1.644139
1.644139
1.644140
1.644141
1.644141
1.644142
1.644143
1.644143
1.644144
1.644144
1.644145
1.644146
1.644146
1.644147
1.644148
1.644148
1.644149
1.644149
1.644150
1.644151
1.644151
1.644152
1.644153
1.644153
1.644154
1.644154
1.644155
1.644156
1.644156
1.644157
1.644157
1.644158
1.644159
1.644159
1.644160
1.644160
1.644161
1.644162
1.644162
1.644163
1.644163
1.644164
1.644165
1.644165
1.644166
1.644166
1.644167
1.644167
1.644168
1.644169
1.644169
1.644170
1.644170
1.644171
1.644172
1.644172
1.644173
1.644173
1.644174
1.644174
1.644175
1.644176
1.644176
1.644177
1.644177
1.644178
1.644178
1.644179
1.644180
1.644180
1.644181
1.644181
1.644182
1.644182
1.644183
1.644184
1.644184
1.644185
1.644185
1.644186
1.644186
1.644187
1.644188
1.644188
1.644189
1.644189
1.644190
1.644190
1.644191
1.644191
1.644192
1.644193
1.644193
1.644194
1.644194
1.644195
1.644195
1.644196
1.644196
1.644197
1.644197
1.644198
1.644199
1.644199
1.644200
1.644200
1.644201
1.644201
1.644202
1.644202
1.644203
1.644203
1.644204
1.644204
1.644205
1.644205
1.644206
1.644207
1.644207
1.644208
1.644208
1.644209
1.644209
1.644210
1.644210
1.644211
1.644211
1.644212
1.644212
1.644213
1.644213
1.644214
1.644214
1.644215
1.644215
1.644216
1.644216
1.644217
1.644217
1.644218
1.644219
1.644219
1.644220
1.644220
1.644221
1.644221
1.644222
1.644222
1.644223
1.644223
1.644224
1.644224
1.644225
1.644225
1.644226
1.644226
1.644227
1.644227
1.644228
1.644228
1.644229
1.644229
1.644230
1.644230
1.644231
1.644231
1.644232
1.644232
1.644233
1.644233
1.644234
1.644234
1.644235
1.644235
1.644235
1.644236
1.644236
1.644237
1.644237
1.644238
1.644238
1.644239
1.644239
1.644240
1.644240
1.644241
1.644241
1.644242
1.644242
1.644243
1.644243
1.644244
1.644244
1.644245
1.644245
1.644246
1.644246
1.644247
1.644247
1.644247
1.644248
1.644248
1.644249
1.644249
1.644250
1.644250
1.644251
1.644251
1.644252
1.644252
1.644253
1.644253
1.644254
1.644254
1.644254
1.644255
1.644255
1.644256
1.644256
1.644257
1.644257
1.644258
1.644258
1.644259
1.644259
1.644260
1.644260
1.644260
1.644261
1.644261
1.644262
1.644262
1.644263
1.644263
1.644264
1.644264
1.644264
1.644265
1.644265
1.644266
1.644266
1.644267
1.644267
1.644268
1.644268
1.644269
1.644269
1.644269
1.644270
1.644270
1.644271
1.644271
1.644272
1.644272
1.644272
1.644273
1.644273
1.644274
1.644274
1.644275
1.644275
1.644276
1.644276
1.644276
1.644277
1.644277
1.644278
1.644278
1.644279
1.644279
1.644279
1.644280
1.644280
1.644281
1.644281
1.644282
1.644282
1.644282
1.644283
1.644283
1.644284
1.644284
1.644285
1.644285
1.644285
1.644286
1.644286
1.644287
1.644287
1.644287
1.644288
1.644288
1.644289
1.644289
1.644290
1.644290
1.644290
1.644291
1.644291
1.644292
1.644292
1.644292
1.644293
1.644293
1.644294
1.644294
1.644294
1.644295
1.644295
1.644296
1.644296
1.644297
1.644297
1.644297
1.644298
1.644298
1.644299
1.644299
1.644299
1.644300
1.644300
1.644301
1.644301
1.644301
1.644302
1.644302
1.644303
1.644303
1.644303
1.644304
1.644304
1.644305
1.644305
1.644305
1.644306
1.644306
1.644307
1.644307
1.644307
1.644308
1.644308
1.644308
1.644309
1.644309
1.644310
1.644310
1.644310
1.644311
1.644311
1.644312
1.644312
1.644312
1.644313
1.644313
1.644314
1.644314
1.644314
1.644315
1.644315
1.644315
1.644316
1.644316
1.644317
1.644317
1.644317
1.644318
1.644318
1.644318
1.644319
1.644319
1.644320
1.644320
1.644320
1.644321
1.644321
1.644322
1.644322
1.644322
1.644323
1.644323
1.644323
1.644324
1.644324
1.644324
1.644325
1.644325
1.644326
1.644326
1.644326
1.644327
1.644327
1.644327
1.644328
1.644328
1.644329
1.644329
1.644329
1.644330
1.644330
1.644330
1.644331
1.644331
1.644331
1.644332
1.644332
1.644333
1.644333
1.644333
1.644334
1.644334
1.644334
1.644335
1.644335
1.644335
1.644336
1.644336
1.644337
1.644337
1.644337
1.644338
1.644338
1.644338
1.644339
1.644339
1.644339
1.644340
1.644340
1.644340
1.644341
1.644341
1.644341
1.644342
1.644342
1.644343
1.644343
1.644343
1.644344
1.644344
1.644344
1.644345
1.644345
1.644345
1.644346
1.644346
1.644346
1.644347
1.644347
1.644347
1.644348
1.644348
1.644348
1.644349
1.644349
1.644349
1.644350
1.644350
1.644350
1.644351
1.644351
1.644351
1.644352
1.644352
1.644353
1.644353
1.644353
1.644354
1.644354
1.644354
1.644355
1.644355
1.644355
1.644356
1.644356
1.644356
1.644357
1.644357
1.644357
1.644358
1.644358
1.644358
1.644359
1.644359
1.644359
1.644360
1.644360
1.644360
1.644361
1.644361
1.644361
1.644361
1.644362
1.644362
1.644362
1.644363
1.644363
1.644363
1.644364
1.644364
1.644364
1.644365
1.644365
1.644365
1.644366
1.644366
1.644366
1.644367
1.644367
1.644367
1.644368
1.644368
1.644368
1.644369
1.644369
1.644369
1.644370
1.644370
1.644370
1.644371
1.644371
1.644371
1.644371
1.644372
1.644372
1.644372
1.644373
1.644373
1.644373
1.644374
1.644374
1.644374
1.644375
1.644375
1.644375
1.644376
1.644376
1.644376
1.644376
1.644377
1.644377
1.644377
1.644378
1.644378
1.644378
1.644379
1.644379
1.644379
1.644380
1.644380
1.644380
1.644381
1.644381
1.644381
1.644381
1.644382
1.644382
1.644382
1.644383
1.644383
1.644383
1.644384
1.644384
1.644384
1.644384
1.644385
1.644385
1.644385
1.644386
1.644386
1.644386
1.644387
1.644387
1.644387
1.644387
1.644388
1.644388
1.644388
1.644389
1.644389
1.644389
1.644390
1.644390
1.644390
1.644390
1.644391
1.644391
1.644391
1.644392
1.644392
1.644392
1.644393
1.644393
1.644393
1.644393
1.644394
1.644394
1.644394
1.644395
1.644395
1.644395
1.644395
1.644396
1.644396
1.644396
1.644397
1.644397
1.644397
1.644397
1.644398
1.644398
1.644398
1.644399
1.644399
1.644399
1.644399
1.644400
1.644400
1.644400
1.644401
1.644401
1.644401
1.644401
1.644402
1.644402
1.644402
1.644403
1.644403
1.644403
1.644403
1.644404
1.644404
1.644404
1.644405
1.644405
1.644405
1.644405
1.644406
1.644406
1.644406
1.644407
1.644407
1.644407
1.644407
1.644408
1.644408
1.644408
1.644408
1.644409
1.644409
1.644409
1.644410
1.644410
1.644410
1.644410
1.644411
1.644411
1.644411
1.644411
1.644412
1.644412
1.644412
1.644413
1.644413
1.644413
1.644413
1.644414
1.644414
1.644414
1.644414
1.644415
1.644415
1.644415
1.644416
1.644416
1.644416
1.644416
1.644417
1.644417
1.644417
1.644417
1.644418
1.644418
1.644418
1.644418
1.644419
1.644419
1.644419
1.644420
1.644420
1.644420
1.644420
1.644421
1.644421
1.644421
1.644421
1.644422
1.644422
1.644422
1.644422
1.644423
1.644423
1.644423
1.644423
1.644424
1.644424
1.644424
1.644425
1.644425
1.644425
1.644425
1.644426
1.644426
1.644426
1.644426
1.644427
1.644427
1.644427
1.644427
1.644428
1.644428
1.644428
1.644428
1.644429
1.644429
1.644429
1.644429
1.644430
1.644430
1.644430
1.644430
1.644431
1.644431
1.644431
1.644431
1.644432
1.644432
1.644432
1.644432
1.644433
1.644433
1.644433
1.644433
1.644434
1.644434
1.644434
1.644434
1.644435
1.644435
1.644435
1.644435
1.644436
1.644436
1.644436
1.644436
1.644437
1.644437
1.644437
1.644437
1.644438
1.644438
1.644438
1.644438
1.644439
1.644439
1.644439
1.644439
1.644440
1.644440
1.644440
1.644440
1.644441
1.644441
1.644441
1.644441
1.644442
1.644442
1.644442
1.644442
1.644443
1.644443
1.644443
1.644443
1.644444
1.644444
1.644444
1.644444
1.644444
1.644445
1.644445
1.644445
1.644445
1.644446
1.644446
1.644446
1.644446
1.644447
1.644447
1.644447
1.644447
1.644448
1.644448
1.644448
1.644448
1.644449
1.644449
1.644449
1.644449
1.644449
1.644450
1.644450
1.644450
1.644450
1.644451
1.644451
1.644451
1.644451
1.644452
1.644452
1.644452
1.644452
1.644452
1.644453
1.644453
1.644453
1.644453
1.644454
1.644454
1.644454
1.644454
1.644455
1.644455
1.644455
1.644455
1.644455
1.644456
1.644456
1.644456
1.644456
1.644457
1.644457
1.644457
1.644457
1.644458
1.644458
1.644458
1.644458
1.644458
1.644459
1.644459
1.644459
1.644459
1.644460
1.644460
1.644460
1.644460
1.644460
1.644461
1.644461
1.644461
1.644461
1.644462
1.644462
1.644462
1.644462
1.644462
1.644463
1.644463
1.644463
1.644463
1.644464
1.644464
1.644464
1.644464
1.644464
1.644465
1.644465
1.644465
1.644465
1.644466
1.644466
1.644466
1.644466
1.644466
1.644467
1.644467
1.644467
1.644467
1.644468
1.644468
1.644468
1.644468
1.644468
1.644469
1.644469
1.644469
1.644469
1.644469
1.644470
1.644470
1.644470
1.644470
1.644471
1.644471
1.644471
1.644471
1.644471
1.644472
1.644472
1.644472
1.644472
1.644472
1.644473
1.644473
1.644473
1.644473
1.644474
1.644474
1.644474
1.644474
1.644474
1.644475
1.644475
1.644475
1.644475
1.644475
1.644476
1.644476
1.644476
1.644476
1.644477
1.644477
1.644477
1.644477
1.644477
1.644478
1.644478
1.644478
1.644478
1.644478
1.644479
1.644479
1.644479
1.644479
1.644479
1.644480
1.644480
1.644480
1.644480
1.644480
1.644481
1.644481
1.644481
1.644481
1.644481
1.644482
1.644482
1.644482
1.644482
1.644482
1.644483
1.644483
1.644483
1.644483
1.644484
1.644484
1.644484
1.644484
1.644484
1.644485
1.644485
1.644485
1.644485
1.644485
1.644486
1.644486
1.644486
1.644486
1.644486
1.644487
1.644487
1.644487
1.644487
1.644487
1.644488
1.644488
1.644488
1.644488
1.644488
1.644489
1.644489
1.644489
1.644489
1.644489
1.644490
1.644490
1.644490
1.644490
1.644490
1.644491
1.644491
1.644491
1.644491
1.644491
1.644491
1.644492
1.644492
1.644492
1.644492
1.644492
1.644493
1.644493
1.644493
1.644493
1.644493
1.644494
1.644494
1.644494
1.644494
1.644494
1.644495
1.644495
1.644495
1.644495
1.644495
1.644496
1.644496
1.644496
1.644496
1.644496
1.644497
1.644497
1.644497
1.644497
1.644497
1.644497
1.644498
1.644498
1.644498
1.644498
1.644498
1.644499
1.644499
1.644499
1.644499
1.644499
1.644500
1.644500
1.644500
1.644500
1.644500
1.644501
1.644501
1.644501
1.644501
1.644501
1.644501
1.644502
1.644502
1.644502
1.644502
1.644502
1.644503
1.644503
1.644503
1.644503
1.644503
1.644503
1.644504
1.644504
1.644504
1.644504
1.644504
1.644505
1.644505
1.644505
1.644505
1.644505
1.644506
1.644506
1.644506
1.644506
1.644506
1.644506
1.644507
1.644507
1.644507
1.644507
1.644507
1.644508
1.644508
1.644508
1.644508
1.644508
1.644508
1.644509
1.644509
1.644509
1.644509
1.644509
1.644510
1.644510
1.644510
1.644510
1.644510
1.644510
1.644511
1.644511
1.644511
1.644511
1.644511
1.644512
1.644512
1.644512
1.644512
1.644512
1.644512
1.644513
1.644513
1.644513
1.644513
1.644513
1.644513
1.644514
1.644514
1.644514
1.644514
1.644514
1.644515
1.644515
1.644515
1.644515
1.644515
1.644515
1.644516
1.644516
1.644516
1.644516
1.644516
1.644516
1.644517
1.644517
1.644517
1.644517
1.644517
1.644517
1.644518
1.644518
1.644518
1.644518
1.644518
1.644519
1.644519
1.644519
1.644519
1.644519
1.644519
1.644520
1.644520
1.644520
1.644520
1.644520
1.644520
1.644521
1.644521
1.644521
1.644521
1.644521
1.644521
1.644522
1.644522
1.644522
1.644522
1.644522
1.644522
1.644523
1.644523
1.644523
1.644523
1.644523
1.644523
1.644524
1.644524
1.644524
1.644524
1.644524
1.644524
1.644525
1.644525
1.644525
1.644525
1.644525
1.644525
1.644526
1.644526
1.644526
1.644526
1.644526
1.644526
1.644527
1.644527
1.644527
1.644527
1.644527
1.644527
1.644528
1.644528
1.644528
1.644528
1.644528
1.644528
1.644529
1.644529
1.644529
1.644529
1.644529
1.644529
1.644530
1.644530
1.644530
1.644530
1.644530
1.644530
1.644531
1.644531
1.644531
1.644531
1.644531
1.644531
1.644532
1.644532
1.644532
1.644532
1.644532
1.644532
1.644533
1.644533
1.644533
1.644533
1.644533
1.644533
1.644534
1.644534
1.644534
1.644534
1.644534
1.644534
1.644534
1.644535
1.644535
1.644535
1.644535
1.644535
1.644535
1.644536
1.644536
1.644536
1.644536
1.644536
1.644536
1.644537
1.644537
1.644537
1.644537
1.644537
1.644537
1.644537
1.644538
1.644538
1.644538
1.644538
1.644538
1.644538
1.644539
1.644539
1.644539
1.644539
1.644539
1.644539
1.644540
1.644540
1.644540
1.644540
1.644540
1.644540
1.644540
1.644541
1.644541
1.644541
1.644541
1.644541
1.644541
1.644542
1.644542
1.644542
1.644542
1.644542
1.644542
1.644542
1.644543
1.644543
1.644543
1.644543
1.644543
1.644543
1.644544
1.644544
1.644544
1.644544
1.644544
1.644544
1.644544
1.644545
1.644545
1.644545
1.644545
1.644545
1.644545
1.644545
1.644546
1.644546
1.644546
1.644546
1.644546
1.644546
1.644547
1.644547
1.644547
1.644547
1.644547
1.644547
1.644547
1.644548
1.644548
1.644548
1.644548
1.644548
1.644548
1.644548
1.644549
1.644549
1.644549
1.644549
1.644549
1.644549
1.644550
1.644550
1.644550
1.644550
1.644550
1.644550
1.644550
1.644551
1.644551
1.644551
1.644551
1.644551
1.644551
1.644551
1.644552
1.644552
1.644552
1.644552
1.644552
1.644552
1.644552
1.644553
1.644553
1.644553
1.644553
1.644553
1.644553
1.644553
1.644554
1.644554
1.644554
1.644554
1.644554
1.644554
1.644554
1.644555
1.644555
1.644555
1.644555
1.644555
1.644555
1.644555
1.644556
1.644556
1.644556
1.644556
1.644556
1.644556
1.644556
1.644557
1.644557
1.644557
1.644557
1.644557
1.644557
1.644557
1.644558
1.644558
1.644558
1.644558
1.644558
1.644558
1.644558
1.644559
1.644559
1.644559
1.644559
1.644559
1.644559
1.644559
1.644560
1.644560
1.644560
1.644560
1.644560
1.644560
1.644560
1.644561
1.644561
1.644561
1.644561
1.644561
1.644561
1.644561
1.644562
1.644562
1.644562
1.644562
1.644562
1.644562
1.644562
1.644563
1.644563
1.644563
1.644563
1.644563
1.644563
1.644563
1.644563
1.644564
1.644564
1.644564
1.644564
1.644564
1.644564
1.644564
1.644565
1.644565
1.644565
1.644565
1.644565
1.644565
1.644565
1.644566
1.644566
1.644566
1.644566
1.644566
1.644566
1.644566
1.644566
1.644567
1.644567
1.644567
1.644567
1.644567
1.644567
1.644567
1.644568
1.644568
1.644568
1.644568
1.644568
1.644568
1.644568
1.644569
1.644569
1.644569
1.644569
1.644569
1.644569
1.644569
1.644569
1.644570
1.644570
1.644570
1.644570
1.644570
1.644570
1.644570
1.644570
1.644571
1.644571
1.644571
1.644571
1.644571
1.644571
1.644571
1.644572
1.644572
1.644572
1.644572
1.644572
1.644572
1.644572
1.644572
1.644573
1.644573
1.644573
1.644573
1.644573
1.644573
1.644573
1.644574
1.644574
1.644574
1.644574
1.644574
1.644574
1.644574
1.644574
1.644575
1.644575
1.644575
1.644575
1.644575
1.644575
1.644575
1.644575
1.644576
1.644576
1.644576
1.644576
1.644576
1.644576
1.644576
1.644576
1.644577
1.644577
1.644577
1.644577
1.644577
1.644577
1.644577
1.644577
1.644578
1.644578
1.644578
1.644578
1.644578
1.644578
1.644578
1.644579
1.644579
1.644579
1.644579
1.644579
1.644579
1.644579
1.644579
1.644580
1.644580
1.644580
1.644580
1.644580
1.644580
1.644580
1.644580
1.644581
1.644581
1.644581
1.644581
1.644581
1.644581
1.644581
1.644581
1.644582
1.644582
1.644582
1.644582
1.644582
1.644582
1.644582
1.644582
1.644583
1.644583
1.644583
1.644583
1.644583
1.644583
1.644583
1.644583
1.644583
1.644584
1.644584
1.644584
1.644584
1.644584
1.644584
1.644584
1.644584
1.644585
1.644585
1.644585
1.644585
1.644585
1.644585
1.644585
1.644585
1.644586
1.644586
1.644586
1.644586
1.644586
1.644586
1.644586
1.644586
1.644587
1.644587
1.644587
1.644587
1.644587
1.644587
1.644587
1.644587
1.644588
1.644588
1.644588
1.644588
1.644588
1.644588
1.644588
1.644588
1.644588
1.644589
1.644589
1.644589
1.644589
1.644589
1.644589
1.644589
1.644589
1.644590
1.644590
1.644590
1.644590
1.644590
1.644590
1.644590
1.644590
1.644590
1.644591
1.644591
1.644591
1.644591
1.644591
1.644591
1.644591
1.644591
1.644592
1.644592
1.644592
1.644592
1.644592
1.644592
1.644592
1.644592
1.644592
1.644593
1.644593
1.644593
1.644593
1.644593
1.644593
1.644593
1.644593
1.644594
1.644594
1.644594
1.644594
1.644594
1.644594
1.644594
1.644594
1.644594
1.644595
1.644595
1.644595
1.644595
1.644595
1.644595
1.644595
1.644595
1.644595
1.644596
1.644596
1.644596
1.644596
1.644596
1.644596
1.644596
1.644596
1.644597
1.644597
1.644597
1.644597
1.644597
1.644597
1.644597
1.644597
1.644597
1.644598
1.644598
1.644598
1.644598
1.644598
1.644598
1.644598
1.644598
1.644598
1.644599
1.644599
1.644599
1.644599
1.644599
1.644599
1.644599
1.644599
1.644599
1.644600
1.644600
1.644600
1.644600
1.644600
1.644600
1.644600
1.644600
1.644600
1.644601
1.644601
1.644601
1.644601
1.644601
1.644601
1.644601
1.644601
1.644601
1.644602
1.644602
1.644602
1.644602
1.644602
1.644602
1.644602
1.644602
1.644602
1.644603
1.644603
1.644603
1.644603
1.644603
1.644603
1.644603
1.644603
1.644603
1.644604
1.644604
1.644604
1.644604
1.644604
1.644604
1.644604
1.644604
1.644604
1.644605
1.644605
1.644605
1.644605
1.644605
1.644605
1.644605
1.644605
1.644605
1.644605
1.644606
1.644606
1.644606
1.644606
1.644606
1.644606
1.644606
1.644606
1.644606
1.644607
1.644607
1.644607
1.644607
1.644607
1.644607
1.644607
1.644607
1.644607
1.644608
1.644608
1.644608
1.644608
1.644608
1.644608
1.644608
1.644608
1.644608
1.644608
1.644609
1.644609
1.644609
1.644609
1.644609
1.644609
1.644609
1.644609
1.644609
1.644610
1.644610
1.644610
1.644610
1.644610
1.644610
1.644610
1.644610
1.644610
1.644610
1.644611
1.644611
1.644611
1.644611
1.644611
1.644611
1.644611
1.644611
1.644611
1.644612
1.644612
1.644612
1.644612
1.644612
1.644612
1.644612
1.644612
1.644612
1.644612
1.644613
1.644613
1.644613
1.644613
1.644613
1.644613
1.644613
1.644613
1.644613
1.644614
1.644614
1.644614
1.644614
1.644614
1.644614
1.644614
1.644614
1.644614
1.644614
1.644615
1.644615
1.644615
1.644615
1.644615
1.644615
1.644615
1.644615
1.644615
1.644615
1.644616
1.644616
1.644616
1.644616
1.644616
1.644616
1.644616
1.644616
1.644616
1.644616
1.644617
1.644617
1.644617
1.644617
1.644617
1.644617
1.644617
1.644617
1.644617
1.644617
1.644618
1.644618
1.644618
1.644618
1.644618
1.644618
1.644618
1.644618
1.644618
1.644618
1.644619
1.644619
1.644619
1.644619
1.644619
1.644619
1.644619
1.644619
1.644619
1.644619
1.644620
1.644620
1.644620
1.644620
1.644620
1.644620
1.644620
1.644620
1.644620
1.644620
1.644621
1.644621
1.644621
1.644621
1.644621
1.644621
1.644621
1.644621
1.644621
1.644621
1.644622
1.644622
1.644622
1.644622
1.644622
1.644622
1.644622
1.644622
1.644622
1.644622
1.644622
1.644623
1.644623
1.644623
1.644623
1.644623
1.644623
1.644623
1.644623
1.644623
1.644623
1.644624
1.644624
1.644624
1.644624
1.644624
1.644624
1.644624
1.644624
1.644624
1.644624
1.644625
1.644625
1.644625
1.644625
1.644625
1.644625
1.644625
1.644625
1.644625
1.644625
1.644625
1.644626
1.644626
1.644626
1.644626
1.644626
1.644626
1.644626
1.644626
1.644626
1.644626
1.644627
1.644627
1.644627
1.644627
1.644627
1.644627
1.644627
1.644627
1.644627
1.644627
1.644627
1.644628
1.644628
1.644628
1.644628
1.644628
1.644628
1.644628
1.644628
1.644628
1.644628
1.644628
1.644629
1.644629
1.644629
1.644629
1.644629
1.644629
1.644629
1.644629
1.644629
1.644629
1.644630
1.644630
1.644630
1.644630
1.644630
1.644630
1.644630
1.644630
1.644630
1.644630
1.644630
1.644631
1.644631
1.644631
1.644631
1.644631
1.644631
1.644631
1.644631
1.644631
1.644631
1.644631
1.644632
1.644632
1.644632
1.644632
1.644632
1.644632
1.644632
1.644632
1.644632
1.644632
1.644632
1.644633
1.644633
1.644633
1.644633
1.644633
1.644633
1.644633
1.644633
1.644633
1.644633
1.644633
1.644634
1.644634
1.644634
1.644634
1.644634
1.644634
1.644634
1.644634
1.644634
1.644634
1.644634
1.644635
1.644635
1.644635
1.644635
1.644635
1.644635
1.644635
1.644635
1.644635
1.644635
1.644635
1.644636
1.644636
1.644636
1.644636
1.644636
1.644636
1.644636
1.644636
1.644636
1.644636
1.644636
1.644636
1.644637
1.644637
1.644637
1.644637
1.644637
1.644637
1.644637
1.644637
1.644637
1.644637
1.644637
1.644638
1.644638
1.644638
1.644638
1.644638
1.644638
1.644638
1.644638
1.644638
1.644638
1.644638
1.644639
1.644639
1.644639
1.644639
1.644639
1.644639
1.644639
1.644639
1.644639
1.644639
1.644639
1.644639
1.644640
1.644640
1.644640
1.644640
1.644640
1.644640
1.644640
1.644640
1.644640
1.644640
1.644640
1.644641
1.644641
1.644641
1.644641
1.644641
1.644641
1.644641
1.644641
1.644641
1.644641
1.644641
1.644641
1.644642
1.644642
1.644642
1.644642
1.644642
1.644642
1.644642
1.644642
1.644642
1.644642
1.644642
1.644642
1.644643
1.644643
1.644643
1.644643
1.644643
1.644643
1.644643
1.644643
1.644643
1.644643
1.644643
1.644643
1.644644
1.644644
1.644644
1.644644
1.644644
1.644644
1.644644
1.644644
1.644644
1.644644
1.644644
1.644645
1.644645
1.644645
1.644645
1.644645
1.644645
1.644645
1.644645
1.644645
1.644645
1.644645
1.644645
1.644646
1.644646
1.644646
1.644646
1.644646
1.644646
1.644646
1.644646
1.644646
1.644646
1.644646
1.644646
1.644647
1.644647
1.644647
1.644647
1.644647
1.644647
1.644647
1.644647
1.644647
1.644647
1.644647
1.644647
1.644647
1.644648
1.644648
1.644648
1.644648
1.644648
1.644648
1.644648
1.644648
1.644648
1.644648
1.644648
1.644648
1.644649
1.644649
1.644649
1.644649
1.644649
1.644649
1.644649
1.644649
1.644649
1.644649
1.644649
1.644649
1.644650
1.644650
1.644650
1.644650
1.644650
1.644650
1.644650
1.644650
1.644650
1.644650
1.644650
1.644650
1.644650
1.644651
1.644651
1.644651
1.644651
1.644651
1.644651
1.644651
1.644651
1.644651
1.644651
1.644651
1.644651
1.644652
1.644652
1.644652
1.644652
1.644652
1.644652
1.644652
1.644652
1.644652
1.644652
1.644652
1.644652
1.644652
1.644653
1.644653
1.644653
1.644653
1.644653
1.644653
1.644653
1.644653
1.644653
1.644653
1.644653
1.644653
1.644654
1.644654
1.644654
1.644654
1.644654
1.644654
1.644654
1.644654
1.644654
1.644654
1.644654
1.644654
1.644654
1.644655
1.644655
1.644655
1.644655
1.644655
1.644655
1.644655
1.644655
1.644655
1.644655
1.644655
1.644655
1.644655
1.644656
1.644656
1.644656
1.644656
1.644656
1.644656
1.644656
1.644656
1.644656
1.644656
1.644656
1.644656
1.644656
1.644657
1.644657
1.644657
1.644657
1.644657
1.644657
1.644657
1.644657
1.644657
1.644657
1.644657
1.644657
1.644657
1.644658
1.644658
1.644658
1.644658
1.644658
1.644658
1.644658
1.644658
1.644658
1.644658
1.644658
1.644658
1.644658
1.644659
1.644659
1.644659
1.644659
1.644659
1.644659
1.644659
1.644659
1.644659
1.644659
1.644659
1.644659
1.644659
1.644660
1.644660
1.644660
1.644660
1.644660
1.644660
1.644660
1.644660
1.644660
1.644660
1.644660
1.644660
1.644660
1.644661
1.644661
1.644661
1.644661
1.644661
1.644661
1.644661
1.644661
1.644661
1.644661
1.644661
1.644661
1.644661
1.644661
1.644662
1.644662
1.644662
1.644662
1.644662
1.644662
1.644662
1.644662
1.644662
1.644662
1.644662
1.644662
1.644662
1.644663
1.644663
1.644663
1.644663
1.644663
1.644663
1.644663
1.644663
1.644663
1.644663
1.644663
1.644663
1.644663
1.644663
1.644664
1.644664
1.644664
1.644664
1.644664
1.644664
1.644664
1.644664
1.644664
1.644664
1.644664
1.644664
1.644664
1.644664
1.644665
1.644665
1.644665
1.644665
1.644665
1.644665
1.644665
1.644665
1.644665
1.644665
1.644665
1.644665
1.644665
1.644666
1.644666
1.644666
1.644666
1.644666
1.644666
1.644666
1.644666
1.644666
1.644666
1.644666
1.644666
1.644666
1.644666
1.644667
1.644667
1.644667
1.644667
1.644667
1.644667
1.644667
1.644667
1.644667
1.644667
1.644667
1.644667
1.644667
1.644667
1.644668
1.644668
1.644668
1.644668
1.644668
1.644668
1.644668
1.644668
1.644668
1.644668
1.644668
1.644668
1.644668
1.644668
1.644668
1.644669
1.644669
1.644669
1.644669
1.644669
1.644669
1.644669
1.644669
1.644669
1.644669
1.644669
1.644669
1.644669
1.644669
1.644670
1.644670
1.644670
1.644670
1.644670
1.644670
1.644670
1.644670
1.644670
1.644670
1.644670
1.644670
1.644670
1.644670
1.644671
1.644671
1.644671
1.644671
1.644671
1.644671
1.644671
1.644671
1.644671
1.644671
1.644671
1.644671
1.644671
1.644671
1.644671
1.644672
1.644672
1.644672
1.644672
1.644672
1.644672
1.644672
1.644672
1.644672
1.644672
1.644672
1.644672
1.644672
1.644672
1.644673
1.644673
1.644673
1.644673
1.644673
1.644673
1.644673
1.644673
1.644673
1.644673
1.644673
1.644673
1.644673
1.644673
1.644673
1.644674
1.644674
1.644674
1.644674
1.644674
1.644674
1.644674
1.644674
1.644674
1.644674
1.644674
1.644674
1.644674
1.644674
1.644674
1.644675
1.644675
1.644675
1.644675
1.644675
1.644675
1.644675
1.644675
1.644675
1.644675
1.644675
1.644675
1.644675
1.644675
1.644676
1.644676
1.644676
1.644676
1.644676
1.644676
1.644676
1.644676
1.644676
1.644676
1.644676
1.644676
1.644676
1.644676
1.644676
1.644677
1.644677
1.644677
1.644677
1.644677
1.644677
1.644677
1.644677
1.644677
1.644677
1.644677
1.644677
1.644677
1.644677
1.644677
1.644677
1.644678
1.644678
1.644678
1.644678
1.644678
1.644678
1.644678
1.644678
1.644678
1.644678
1.644678
1.644678
1.644678
1.644678
1.644678
1.644679
1.644679
1.644679
1.644679
1.644679
1.644679
1.644679
1.644679
1.644679
1.644679
1.644679
1.644679
1.644679
1.644679
1.644679
1.644680
1.644680
1.644680
1.644680
1.644680
1.644680
1.644680
1.644680
1.644680
1.644680
1.644680
1.644680
1.644680
1.644680
1.644680
1.644680
1.644681
1.644681
1.644681
1.644681
1.644681
1.644681
1.644681
1.644681
1.644681
1.644681
1.644681
1.644681
1.644681
1.644681
1.644681
1.644682
1.644682
1.644682
1.644682
1.644682
1.644682
1.644682
1.644682
1.644682
1.644682
1.644682
1.644682
1.644682
1.644682
1.644682
1.644682
1.644683
1.644683
1.644683
1.644683
1.644683
1.644683
1.644683
1.644683
1.644683
1.644683
1.644683
1.644683
1.644683
1.644683
1.644683
1.644683
1.644684
1.644684
1.644684
1.644684
1.644684
1.644684
1.644684
1.644684
1.644684
1.644684
1.644684
1.644684
1.644684
1.644684
1.644684
1.644684
1.644685
1.644685
1.644685
1.644685
1.644685
1.644685
1.644685
1.644685
1.644685
1.644685
1.644685
1.644685
1.644685
1.644685
1.644685
1.644685
1.644686
1.644686
1.644686
1.644686
1.644686
1.644686
1.644686
1.644686
1.644686
1.644686
1.644686
1.644686
1.644686
1.644686
1.644686
1.644686
1.644687
1.644687
1.644687
1.644687
1.644687
1.644687
1.644687
1.644687
1.644687
1.644687
1.644687
1.644687
1.644687
1.644687
1.644687
1.644687
1.644687
1.644688
1.644688
1.644688
1.644688
1.644688
1.644688
1.644688
1.644688
1.644688
1.644688
1.644688
1.644688
1.644688
1.644688
1.644688
1.644688
1.644689
1.644689
1.644689
1.644689
1.644689
1.644689
1.644689
1.644689
1.644689
1.644689
1.644689
1.644689
1.644689
1.644689
1.644689
1.644689
1.644689
1.644690
1.644690
1.644690
1.644690
1.644690
1.644690
1.644690
1.644690
1.644690
1.644690
1.644690
1.644690
1.644690
1.644690
1.644690
1.644690
1.644690
1.644691
1.644691
1.644691
1.644691
1.644691
1.644691
1.644691
1.644691
1.644691
1.644691
1.644691
1.644691
1.644691
1.644691
1.644691
1.644691
1.644691
1.644692
1.644692
1.644692
1.644692
1.644692
1.644692
1.644692
1.644692
1.644692
1.644692
1.644692
1.644692
1.644692
1.644692
1.644692
1.644692
1.644692
1.644693
1.644693
1.644693
1.644693
1.644693
1.644693
1.644693
1.644693
1.644693
1.644693
1.644693
1.644693
1.644693
1.644693
1.644693
1.644693
1.644693
1.644694
1.644694
1.644694
1.644694
1.644694
1.644694
1.644694
1.644694
1.644694
1.644694
1.644694
1.644694
1.644694
1.644694
1.644694
1.644694
1.644694
1.644695
1.644695
1.644695
1.644695
1.644695
1.644695
1.644695
1.644695
1.644695
1.644695
1.644695
1.644695
1.644695
1.644695
1.644695
1.644695
1.644695
1.644695
1.644696
1.644696
1.644696
1.644696
1.644696
1.644696
1.644696
1.644696
1.644696
1.644696
1.644696
1.644696
1.644696
1.644696
1.644696
1.644696
1.644696
1.644697
1.644697
1.644697
1.644697
1.644697
1.644697
1.644697
1.644697
1.644697
1.644697
1.644697
1.644697
1.644697
1.644697
1.644697
1.644697
1.644697
1.644697
1.644698
1.644698
1.644698
1.644698
1.644698
1.644698
1.644698
1.644698
1.644698
1.644698
1.644698
1.644698
1.644698
1.644698
1.644698
1.644698
1.644698
1.644698
1.644699
1.644699
1.644699
1.644699
1.644699
1.644699
1.644699
1.644699
1.644699
1.644699
1.644699
1.644699
1.644699
1.644699
1.644699
1.644699
1.644699
1.644699
1.644700
1.644700
1.644700
1.644700
1.644700
1.644700
1.644700
1.644700
1.644700
1.644700
1.644700
1.644700
1.644700
1.644700
1.644700
1.644700
1.644700
1.644700
1.644701
1.644701
1.644701
1.644701
1.644701
1.644701
1.644701
1.644701
1.644701
1.644701
1.644701
1.644701
1.644701
1.644701
1.644701
1.644701
1.644701
1.644701
1.644701
1.644702
1.644702
1.644702
1.644702
1.644702
1.644702
1.644702
1.644702
1.644702
1.644702
1.644702
1.644702
1.644702
1.644702
1.644702
1.644702
1.644702
1.644702
1.644703
1.644703
1.644703
1.644703
1.644703
1.644703
1.644703
1.644703
1.644703
1.644703
1.644703
1.644703
1.644703
1.644703
1.644703
1.644703
1.644703
1.644703
1.644703
1.644704
1.644704
1.644704
1.644704
1.644704
1.644704
1.644704
1.644704
1.644704
1.644704
1.644704
1.644704
1.644704
1.644704
1.644704
1.644704
1.644704
1.644704
1.644704
1.644705
1.644705
1.644705
1.644705
1.644705
1.644705
1.644705
1.644705
1.644705
1.644705
1.644705
1.644705
1.644705
1.644705
1.644705
1.644705
1.644705
1.644705
1.644705
1.644706
1.644706
1.644706
1.644706
1.644706
1.644706
1.644706
1.644706
1.644706
1.644706
1.644706
1.644706
1.644706
1.644706
1.644706
1.644706
1.644706
1.644706
1.644706
1.644707
1.644707
1.644707
1.644707
1.644707
1.644707
1.644707
1.644707
1.644707
1.644707
1.644707
1.644707
1.644707
1.644707
1.644707
1.644707
1.644707
1.644707
1.644707
1.644707
1.644708
1.644708
1.644708
1.644708
1.644708
1.644708
1.644708
1.644708
1.644708
1.644708
1.644708
1.644708
1.644708
1.644708
1.644708
1.644708
1.644708
1.644708
1.644708
1.644709
1.644709
1.644709
1.644709
1.644709
1.644709
1.644709
1.644709
1.644709
1.644709
1.644709
1.644709
1.644709
1.644709
1.644709
1.644709
1.644709
1.644709
1.644709
1.644709
1.644710
1.644710
1.644710
1.644710
1.644710
1.644710
1.644710
1.644710
1.644710
1.644710
1.644710
1.644710
1.644710
1.644710
1.644710
1.644710
1.644710
1.644710
1.644710
1.644710
1.644711
1.644711
1.644711
1.644711
1.644711
1.644711
1.644711
1.644711
1.644711
1.644711
1.644711
1.644711
1.644711
1.644711
1.644711
1.644711
1.644711
1.644711
1.644711
1.644711
1.644712
1.644712
1.644712
1.644712
1.644712
1.644712
1.644712
1.644712
1.644712
1.644712
1.644712
1.644712
1.644712
1.644712
1.644712
1.644712
1.644712
1.644712
1.644712
1.644712
1.644713
1.644713
1.644713
1.644713
1.644713
1.644713
1.644713
1.644713
1.644713
1.644713
1.644713
1.644713
1.644713
1.644713
1.644713
1.644713
1.644713
1.644713
1.644713
1.644713
1.644713
1.644714
1.644714
1.644714
1.644714
1.644714
1.644714
1.644714
1.644714
1.644714
1.644714
1.644714
1.644714
1.644714
1.644714
1.644714
1.644714
1.644714
1.644714
1.644714
1.644714
1.644715
1.644715
1.644715
1.644715
1.644715
1.644715
1.644715
1.644715
1.644715
1.644715
1.644715
1.644715
1.644715
1.644715
1.644715
1.644715
1.644715
1.644715
1.644715
1.644715
1.644715
1.644716
1.644716
1.644716
1.644716
1.644716
1.644716
1.644716
1.644716
1.644716
1.644716
1.644716
1.644716
1.644716
1.644716
1.644716
1.644716
1.644716
1.644716
1.644716
1.644716
1.644716
1.644717
1.644717
1.644717
1.644717
1.644717
1.644717
1.644717
1.644717
1.644717
1.644717
1.644717
1.644717
1.644717
1.644717
1.644717
1.644717
1.644717
1.644717
1.644717
1.644717
1.644717
1.644717
1.644718
1.644718
1.644718
1.644718
1.644718
1.644718
1.644718
1.644718
1.644718
1.644718
1.644718
1.644718
1.644718
1.644718
1.644718
1.644718
1.644718
1.644718
1.644718
1.644718
1.644718
1.644719
1.644719
1.644719
1.644719
1.644719
1.644719
1.644719
1.644719
1.644719
1.644719
1.644719
1.644719
1.644719
1.644719
1.644719
1.644719
1.644719
1.644719
1.644719
1.644719
1.644719
1.644719
1.644720
1.644720
1.644720
1.644720
1.644720
1.644720
1.644720
1.644720
1.644720
1.644720
1.644720
1.644720
1.644720
1.644720
1.644720
1.644720
1.644720
1.644720
1.644720
1.644720
1.644720
1.644721
1.644721
1.644721
1.644721
1.644721
1.644721
1.644721
1.644721
1.644721
1.644721
1.644721
1.644721
1.644721
1.644721
1.644721
1.644721
1.644721
1.644721
1.644721
1.644721
1.644721
1.644721
1.644722
1.644722
1.644722
1.644722
1.644722
1.644722
1.644722
1.644722
1.644722
1.644722
1.644722
1.644722
1.644722
1.644722
1.644722
1.644722
1.644722
1.644722
1.644722
1.644722
1.644722
1.644722
1.644722
1.644723
1.644723
1.644723
1.644723
1.644723
1.644723
1.644723
1.644723
1.644723
1.644723
1.644723
1.644723
1.644723
1.644723
1.644723
1.644723
1.644723
1.644723
1.644723
1.644723
1.644723
1.644723
1.644724
1.644724
1.644724
1.644724
1.644724
1.644724
1.644724
1.644724
1.644724
1.644724
1.644724
1.644724
1.644724
1.644724
1.644724
1.644724
1.644724
1.644724
1.644724
1.644724
1.644724
1.644724
1.644724
1.644725
1.644725
1.644725
1.644725
1.644725
1.644725
1.644725
1.644725
1.644725
1.644725
1.644725
1.644725
1.644725
1.644725
1.644725
1.644725
1.644725
1.644725
1.644725
1.644725
1.644725
1.644725
1.644725
1.644726
1.644726
1.644726
1.644726
1.644726
1.644726
1.644726
1.644726
1.644726
1.644726
1.644726
1.644726
1.644726
1.644726
1.644726
1.644726
1.644726
1.644726
1.644726
1.644726
1.644726
1.644726
1.644726
1.644727
1.644727
1.644727
1.644727
1.644727
1.644727
1.644727
1.644727
1.644727
1.644727
1.644727
1.644727
1.644727
1.644727
1.644727
1.644727
1.644727
1.644727
1.644727
1.644727
1.644727
1.644727
1.644727
1.644728
1.644728
1.644728
1.644728
1.644728
1.644728
1.644728
1.644728
1.644728
1.644728
1.644728
1.644728
1.644728
1.644728
1.644728
1.644728
1.644728
1.644728
1.644728
1.644728
1.644728
1.644728
1.644728
1.644728
1.644729
1.644729
1.644729
1.644729
1.644729
1.644729
1.644729
1.644729
1.644729
1.644729
1.644729
1.644729
1.644729
1.644729
1.644729
1.644729
1.644729
1.644729
1.644729
1.644729
1.644729
1.644729
1.644729
1.644730
1.644730
1.644730
1.644730
1.644730
1.644730
1.644730
1.644730
1.644730
1.644730
1.644730
1.644730
1.644730
1.644730
1.644730
1.644730
1.644730
1.644730
1.644730
1.644730
1.644730
1.644730
1.644730
1.644730
1.644731
1.644731
1.644731
1.644731
1.644731
1.644731
1.644731
1.644731
1.644731
1.644731
1.644731
1.644731
1.644731
1.644731
1.644731
1.644731
1.644731
1.644731
1.644731
1.644731
1.644731
1.644731
1.644731
1.644731
1.644731
1.644732
1.644732
1.644732
1.644732
1.644732
1.644732
1.644732
1.644732
1.644732
1.644732
1.644732
1.644732
1.644732
1.644732
1.644732
1.644732
1.644732
1.644732
1.644732
1.644732
1.644732
1.644732
1.644732
1.644732
1.644733
1.644733
1.644733
1.644733
1.644733
1.644733
1.644733
1.644733
1.644733
1.644733
1.644733
1.644733
1.644733
1.644733
1.644733
1.644733
1.644733
1.644733
1.644733
1.644733
1.644733
1.644733
1.644733
1.644733
1.644733
1.644734
1.644734
1.644734
1.644734
1.644734
1.644734
1.644734
1.644734
1.644734
1.644734
1.644734
1.644734
1.644734
1.644734
1.644734
1.644734
1.644734
1.644734
1.644734
1.644734
1.644734
1.644734
1.644734
1.644734
1.644734
1.644735
1.644735
1.644735
1.644735
1.644735
1.644735
1.644735
1.644735
1.644735
1.644735
1.644735
1.644735
1.644735
1.644735
1.644735
1.644735
1.644735
1.644735
1.644735
1.644735
1.644735
1.644735
1.644735
1.644735
1.644735
1.644736
1.644736
1.644736
1.644736
1.644736
1.644736
1.644736
1.644736
1.644736
1.644736
1.644736
1.644736
1.644736
1.644736
1.644736
1.644736
1.644736
1.644736
1.644736
1.644736
1.644736
1.644736
1.644736
1.644736
1.644736
1.644736
1.644737
1.644737
1.644737
1.644737
1.644737
1.644737
1.644737
1.644737
1.644737
1.644737
1.644737
1.644737
1.644737
1.644737
1.644737
1.644737
1.644737
1.644737
1.644737
1.644737
1.644737
1.644737
1.644737
1.644737
1.644737
1.644738
1.644738
1.644738
1.644738
1.644738
1.644738
1.644738
1.644738
1.644738
1.644738
1.644738
1.644738
1.644738
1.644738
1.644738
1.644738
1.644738
1.644738
1.644738
1.644738
1.644738
1.644738
1.644738
1.644738
1.644738
1.644738
1.644739
1.644739
1.644739
1.644739
1.644739
1.644739
1.644739
1.644739
1.644739
1.644739
1.644739
1.644739
1.644739
1.644739
1.644739
1.644739
1.644739
1.644739
1.644739
1.644739
1.644739
1.644739
1.644739
1.644739
1.644739
1.644739
1.644739
1.644740
1.644740
1.644740
1.644740
1.644740
1.644740
1.644740
1.644740
1.644740
1.644740
1.644740
1.644740
1.644740
1.644740
1.644740
1.644740
1.644740
1.644740
1.644740
1.644740
1.644740
1.644740
1.644740
1.644740
1.644740
1.644740
1.644741
1.644741
1.644741
1.644741
1.644741
1.644741
1.644741
1.644741
1.644741
1.644741
1.644741
1.644741
1.644741
1.644741
1.644741
1.644741
1.644741
1.644741
1.644741
1.644741
1.644741
1.644741
1.644741
1.644741
1.644741
1.644741
1.644741
1.644742
1.644742
1.644742
1.644742
1.644742
1.644742
1.644742
1.644742
1.644742
1.644742
1.644742
1.644742
1.644742
1.644742
1.644742
1.644742
1.644742
1.644742
1.644742
1.644742
1.644742
1.644742
1.644742
1.644742
1.644742
1.644742
1.644742
1.644743
1.644743
1.644743
1.644743
1.644743
1.644743
1.644743
1.644743
1.644743
1.644743
1.644743
1.644743
1.644743
1.644743
1.644743
1.644743
1.644743
1.644743
1.644743
1.644743
1.644743
1.644743
1.644743
1.644743
1.644743
1.644743
1.644743
1.644743
1.644744
1.644744
1.644744
1.644744
1.644744
1.644744
1.644744
1.644744
1.644744
1.644744
1.644744
1.644744
1.644744
1.644744
1.644744
1.644744
1.644744
1.644744
1.644744
1.644744
1.644744
1.644744
1.644744
1.644744
1.644744
1.644744
1.644744
1.644745
1.644745
1.644745
1.644745
1.644745
1.644745
1.644745
1.644745
1.644745
1.644745
1.644745
1.644745
1.644745
1.644745
1.644745
1.644745
1.644745
1.644745
1.644745
1.644745
1.644745
1.644745
1.644745
1.644745
1.644745
1.644745
1.644745
1.644745
1.644746
1.644746
1.644746
1.644746
1.644746
1.644746
1.644746
1.644746
1.644746
1.644746
1.644746
1.644746
1.644746
1.644746
1.644746
1.644746
1.644746
1.644746
1.644746
1.644746
1.644746
1.644746
1.644746
1.644746
1.644746
1.644746
1.644746
1.644746
1.644747
1.644747
1.644747
1.644747
1.644747
1.644747
1.644747
1.644747
1.644747
1.644747
1.644747
1.644747
1.644747
1.644747
1.644747
1.644747
1.644747
1.644747
1.644747
1.644747
1.644747
1.644747
1.644747
1.644747
1.644747
1.644747
1.644747
1.644747
1.644747
1.644748
1.644748
1.644748
1.644748
1.644748
1.644748
1.644748
1.644748
1.644748
1.644748
1.644748
1.644748
1.644748
1.644748
1.644748
1.644748
1.644748
1.644748
1.644748
1.644748
1.644748
1.644748
1.644748
1.644748
1.644748
1.644748
1.644748
1.644748
1.644748
1.644749
1.644749
1.644749
1.644749
1.644749
1.644749
1.644749
1.644749
1.644749
1.644749
1.644749
1.644749
1.644749
1.644749
1.644749
1.644749
1.644749
1.644749
1.644749
1.644749
1.644749
1.644749
1.644749
1.644749
1.644749
1.644749
1.644749
1.644749
1.644749
1.644750
1.644750
1.644750
1.644750
1.644750
1.644750
1.644750
1.644750
1.644750
1.644750
1.644750
1.644750
1.644750
1.644750
1.644750
1.644750
1.644750
1.644750
1.644750
1.644750
1.644750
1.644750
1.644750
1.644750
1.644750
1.644750
1.644750
1.644750
1.644750
1.644750
1.644751
1.644751
1.644751
1.644751
1.644751
1.644751
1.644751
1.644751
1.644751
1.644751
1.644751
1.644751
1.644751
1.644751
1.644751
1.644751
1.644751
1.644751
1.644751
1.644751
1.644751
1.644751
1.644751
1.644751
1.644751
1.644751
1.644751
1.644751
1.644751
1.644752
1.644752
1.644752
1.644752
1.644752
1.644752
1.644752
1.644752
1.644752
1.644752
1.644752
1.644752
1.644752
1.644752
1.644752
1.644752
1.644752
1.644752
1.644752
1.644752
1.644752
1.644752
1.644752
1.644752
1.644752
1.644752
1.644752
1.644752
1.644752
1.644752
1.644752
1.644753
1.644753
1.644753
1.644753
1.644753
1.644753
1.644753
1.644753
1.644753
1.644753
1.644753
1.644753
1.644753
1.644753
1.644753
1.644753
1.644753
1.644753
1.644753
1.644753
1.644753
1.644753
1.644753
1.644753
1.644753
1.644753
1.644753
1.644753
1.644753
1.644753
1.644754
1.644754
1.644754
1.644754
1.644754
1.644754
1.644754
1.644754
1.644754
1.644754
1.644754
1.644754
1.644754
1.644754
1.644754
1.644754
1.644754
1.644754
1.644754
1.644754
1.644754
1.644754
1.644754
1.644754
1.644754
1.644754
1.644754
1.644754
1.644754
1.644754
1.644754
1.644755
1.644755
1.644755
1.644755
1.644755
1.644755
1.644755
1.644755
1.644755
1.644755
1.644755
1.644755
1.644755
1.644755
1.644755
1.644755
1.644755
1.644755
1.644755
1.644755
1.644755
1.644755
1.644755
1.644755
1.644755
1.644755
1.644755
1.644755
1.644755
1.644755
1.644755
1.644756
1.644756
1.644756
1.644756
1.644756
1.644756
1.644756
1.644756
1.644756
1.644756
1.644756
1.644756
1.644756
1.644756
1.644756
1.644756
1.644756
1.644756
1.644756
1.644756
1.644756
1.644756
1.644756
1.644756
1.644756
1.644756
1.644756
1.644756
1.644756
1.644756
1.644756
1.644756
1.644757
1.644757
1.644757
1.644757
1.644757
1.644757
1.644757
1.644757
1.644757
1.644757
1.644757
1.644757
1.644757
1.644757
1.644757
1.644757
1.644757
1.644757
1.644757
1.644757
1.644757
1.644757
1.644757
1.644757
1.644757
1.644757
1.644757
1.644757
1.644757
1.644757
1.644757
1.644757
1.644758
1.644758
1.644758
1.644758
1.644758
1.644758
1.644758
1.644758
1.644758
1.644758
1.644758
1.644758
1.644758
1.644758
1.644758
1.644758
1.644758
1.644758
1.644758
1.644758
1.644758
1.644758
1.644758
1.644758
1.644758
1.644758
1.644758
1.644758
1.644758
1.644758
1.644758
1.644758
1.644759
1.644759
1.644759
1.644759
1.644759
1.644759
1.644759
1.644759
1.644759
1.644759
1.644759
1.644759
1.644759
1.644759
1.644759
1.644759
1.644759
1.644759
1.644759
1.644759
1.644759
1.644759
1.644759
1.644759
1.644759
1.644759
1.644759
1.644759
1.644759
1.644759
1.644759
1.644759
1.644760
1.644760
1.644760
1.644760
1.644760
1.644760
1.644760
1.644760
1.644760
1.644760
1.644760
1.644760
1.644760
1.644760
1.644760
1.644760
1.644760
1.644760
1.644760
1.644760
1.644760
1.644760
1.644760
1.644760
1.644760
1.644760
1.644760
1.644760
1.644760
1.644760
1.644760
1.644760
1.644760
1.644761
1.644761
1.644761
1.644761
1.644761
1.644761
1.644761
1.644761
1.644761
1.644761
1.644761
1.644761
1.644761
1.644761
1.644761
1.644761
1.644761
1.644761
1.644761
1.644761
1.644761
1.644761
1.644761
1.644761
1.644761
1.644761
1.644761
1.644761
1.644761
1.644761
1.644761
1.644761
1.644761
1.644761
1.644762
1.644762
1.644762
1.644762
1.644762
1.644762
1.644762
1.644762
1.644762
1.644762
1.644762
1.644762
1.644762
1.644762
1.644762
1.644762
1.644762
1.644762
1.644762
1.644762
1.644762
1.644762
1.644762
1.644762
1.644762
1.644762
1.644762
1.644762
1.644762
1.644762
1.644762
1.644762
1.644762
1.644762
1.644763
1.644763
1.644763
1.644763
1.644763
1.644763
1.644763
1.644763
1.644763
1.644763
1.644763
1.644763
1.644763
1.644763
1.644763
1.644763
1.644763
1.644763
1.644763
1.644763
1.644763
1.644763
1.644763
1.644763
1.644763
1.644763
1.644763
1.644763
1.644763
1.644763
1.644763
1.644763
1.644763
1.644763
1.644764
1.644764
1.644764
1.644764
1.644764
1.644764
1.644764
1.644764
1.644764
1.644764
1.644764
1.644764
1.644764
1.644764
1.644764
1.644764
1.644764
1.644764
1.644764
1.644764
1.644764
1.644764
1.644764
1.644764
1.644764
1.644764
1.644764
1.644764
1.644764
1.644764
1.644764
1.644764
1.644764
1.644764
1.644765
1.644765
1.644765
1.644765
1.644765
1.644765
1.644765
1.644765
1.644765
1.644765
1.644765
1.644765
1.644765
1.644765
1.644765
1.644765
1.644765
1.644765
1.644765
1.644765
1.644765
1.644765
1.644765
1.644765
1.644765
1.644765
1.644765
1.644765
1.644765
1.644765
1.644765
1.644765
1.644765
1.644765
1.644765
1.644766
1.644766
1.644766
1.644766
1.644766
1.644766
1.644766
1.644766
1.644766
1.644766
1.644766
1.644766
1.644766
1.644766
1.644766
1.644766
1.644766
1.644766
1.644766
1.644766
1.644766
1.644766
1.644766
1.644766
1.644766
1.644766
1.644766
1.644766
1.644766
1.644766
1.644766
1.644766
1.644766
1.644766
1.644766
1.644766
1.644767
1.644767
1.644767
1.644767
1.644767
1.644767
1.644767
1.644767
1.644767
1.644767
1.644767
1.644767
1.644767
1.644767
1.644767
1.644767
1.644767
1.644767
1.644767
1.644767
1.644767
1.644767
1.644767
1.644767
1.644767
1.644767
1.644767
1.644767
1.644767
1.644767
1.644767
1.644767
1.644767
1.644767
1.644767
1.644767
1.644768
1.644768
1.644768
1.644768
1.644768
1.644768
1.644768
1.644768
1.644768
1.644768
1.644768
1.644768
1.644768
1.644768
1.644768
1.644768
1.644768
1.644768
1.644768
1.644768
1.644768
1.644768
1.644768
1.644768
1.644768
1.644768
1.644768
1.644768
1.644768
1.644768
1.644768
1.644768
1.644768
1.644768
1.644768
1.644768
1.644769
1.644769
1.644769
1.644769
1.644769
1.644769
1.644769
1.644769
1.644769
1.644769
1.644769
1.644769
1.644769
1.644769
1.644769
1.644769
1.644769
1.644769
1.644769
1.644769
1.644769
1.644769
1.644769
1.644769
1.644769
1.644769
1.644769
1.644769
1.644769
1.644769
1.644769
1.644769
1.644769
1.644769
1.644769
1.644769
1.644769
1.644770
1.644770
1.644770
1.644770
1.644770
1.644770
1.644770
1.644770
1.644770
1.644770
1.644770
1.644770
1.644770
1.644770
1.644770
1.644770
1.644770
1.644770
1.644770
1.644770
1.644770
1.644770
1.644770
1.644770
1.644770
1.644770
1.644770
1.644770
1.644770
1.644770
1.644770
1.644770
1.644770
1.644770
1.644770
1.644770
1.644770
1.644771
1.644771
1.644771
1.644771
1.644771
1.644771
1.644771
1.644771
1.644771
1.644771
1.644771
1.644771
1.644771
1.644771
1.644771
1.644771
1.644771
1.644771
1.644771
1.644771
1.644771
1.644771
1.644771
1.644771
1.644771
1.644771
1.644771
1.644771
1.644771
1.644771
1.644771
1.644771
1.644771
1.644771
1.644771
1.644771
1.644771
1.644772
1.644772
1.644772
1.644772
1.644772
1.644772
1.644772
1.644772
1.644772
1.644772
1.644772
1.644772
1.644772
1.644772
1.644772
1.644772
1.644772
1.644772
1.644772
1.644772
1.644772
1.644772
1.644772
1.644772
1.644772
1.644772
1.644772
1.644772
1.644772
1.644772
1.644772
1.644772
1.644772
1.644772
1.644772
1.644772
1.644772
1.644772
1.644773
1.644773
1.644773
1.644773
1.644773
1.644773
1.644773
1.644773
1.644773
1.644773
1.644773
1.644773
1.644773
1.644773
1.644773
1.644773
1.644773
1.644773
1.644773
1.644773
1.644773
1.644773
1.644773
1.644773
1.644773
1.644773
1.644773
1.644773
1.644773
1.644773
1.644773
1.644773
1.644773
1.644773
1.644773
1.644773
1.644773
1.644773
1.644773
1.644774
1.644774
1.644774
1.644774
1.644774
1.644774
1.644774
1.644774
1.644774
1.644774
1.644774
1.644774
1.644774
1.644774
1.644774
1.644774
1.644774
1.644774
1.644774
1.644774
1.644774
1.644774
1.644774
1.644774
1.644774
1.644774
1.644774
1.644774
1.644774
1.644774
1.644774
1.644774
1.644774
1.644774
1.644774
1.644774
1.644774
1.644774
1.644774
1.644775
1.644775
1.644775
1.644775
1.644775
1.644775
1.644775
1.644775
1.644775
1.644775
1.644775
1.644775
1.644775
1.644775
1.644775
1.644775
1.644775
1.644775
1.644775
1.644775
1.644775
1.644775
1.644775
1.644775
1.644775
1.644775
1.644775
1.644775
1.644775
1.644775
1.644775
1.644775
1.644775
1.644775
1.644775
1.644775
1.644775
1.644775
1.644775
1.644776
1.644776
1.644776
1.644776
1.644776
1.644776
1.644776
1.644776
1.644776
1.644776
1.644776
1.644776
1.644776
1.644776
1.644776
1.644776
1.644776
1.644776
1.644776
1.644776
1.644776
1.644776
1.644776
1.644776
1.644776
1.644776
1.644776
1.644776
1.644776
1.644776
1.644776
1.644776
1.644776
1.644776
1.644776
1.644776
1.644776
1.644776
1.644776
1.644776
1.644776
1.644777
1.644777
1.644777
1.644777
1.644777
1.644777
1.644777
1.644777
1.644777
1.644777
1.644777
1.644777
1.644777
1.644777
1.644777
1.644777
1.644777
1.644777
1.644777
1.644777
1.644777
1.644777
1.644777
1.644777
1.644777
1.644777
1.644777
1.644777
1.644777
1.644777
1.644777
1.644777
1.644777
1.644777
1.644777
1.644777
1.644777
1.644777
1.644777
1.644777
1.644778
1.644778
1.644778
1.644778
1.644778
1.644778
1.644778
1.644778
1.644778
1.644778
1.644778
1.644778
1.644778
1.644778
1.644778
1.644778
1.644778
1.644778
1.644778
1.644778
1.644778
1.644778
1.644778
1.644778
1.644778
1.644778
1.644778
1.644778
1.644778
1.644778
1.644778
1.644778
1.644778
1.644778
1.644778
1.644778
1.644778
1.644778
1.644778
1.644778
1.644778
1.644779
1.644779
1.644779
1.644779
1.644779
1.644779
1.644779
1.644779
1.644779
1.644779
1.644779
1.644779
1.644779
1.644779
1.644779
1.644779
1.644779
1.644779
1.644779
1.644779
1.644779
1.644779
1.644779
1.644779
1.644779
1.644779
1.644779
1.644779
1.644779
1.644779
1.644779
1.644779
1.644779
1.644779
1.644779
1.644779
1.644779
1.644779
1.644779
1.644779
1.644779
1.644779
1.644780
1.644780
1.644780
1.644780
1.644780
1.644780
1.644780
1.644780
1.644780
1.644780
1.644780
1.644780
1.644780
1.644780
1.644780
1.644780
1.644780
1.644780
1.644780
1.644780
1.644780
1.644780
1.644780
1.644780
1.644780
1.644780
1.644780
1.644780
1.644780
1.644780
1.644780
1.644780
1.644780
1.644780
1.644780
1.644780
1.644780
1.644780
1.644780
1.644780
1.644780
1.644780
1.644781
1.644781
1.644781
1.644781
1.644781
1.644781
1.644781
1.644781
1.644781
1.644781
1.644781
1.644781
1.644781
1.644781
1.644781
1.644781
1.644781
1.644781
1.644781
1.644781
1.644781
1.644781
1.644781
1.644781
1.644781
1.644781
1.644781
1.644781
1.644781
1.644781
1.644781
1.644781
1.644781
1.644781
1.644781
1.644781
1.644781
1.644781
1.644781
1.644781
1.644781
1.644781
1.644781
1.644782
1.644782
1.644782
1.644782
1.644782
1.644782
1.644782
1.644782
1.644782
1.644782
1.644782
1.644782
1.644782
1.644782
1.644782
1.644782
1.644782
1.644782
1.644782
1.644782
1.644782
1.644782
1.644782
1.644782
1.644782
1.644782
1.644782
1.644782
1.644782
1.644782
1.644782
1.644782
1.644782
1.644782
1.644782
1.644782
1.644782
1.644782
1.644782
1.644782
1.644782
1.644782
1.644782
1.644783
1.644783
1.644783
1.644783
1.644783
1.644783
1.644783
1.644783
1.644783
1.644783
1.644783
1.644783
1.644783
1.644783
1.644783
1.644783
1.644783
1.644783
1.644783
1.644783
1.644783
1.644783
1.644783
1.644783
1.644783
1.644783
1.644783
1.644783
1.644783
1.644783
1.644783
1.644783
1.644783
1.644783
1.644783
1.644783
1.644783
1.644783
1.644783
1.644783
1.644783
1.644783
1.644783
1.644783
1.644784
1.644784
1.644784
1.644784
1.644784
1.644784
1.644784
1.644784
1.644784
1.644784
1.644784
1.644784
1.644784
1.644784
1.644784
1.644784
1.644784
1.644784
1.644784
1.644784
1.644784
1.644784
1.644784
1.644784
1.644784
1.644784
1.644784
1.644784
1.644784
1.644784
1.644784
1.644784
1.644784
1.644784
1.644784
1.644784
1.644784
1.644784
1.644784
1.644784
1.644784
1.644784
1.644784
1.644784
1.644785
1.644785
1.644785
1.644785
1.644785
1.644785
1.644785
1.644785
1.644785
1.644785
1.644785
1.644785
1.644785
1.644785
1.644785
1.644785
1.644785
1.644785
1.644785
1.644785
1.644785
1.644785
1.644785
1.644785
1.644785
1.644785
1.644785
1.644785
1.644785
1.644785
1.644785
1.644785
1.644785
1.644785
1.644785
1.644785
1.644785
1.644785
1.644785
1.644785
1.644785
1.644785
1.644785
1.644785
1.644785
1.644786
1.644786
1.644786
1.644786
1.644786
1.644786
1.644786
1.644786
1.644786
1.644786
1.644786
1.644786
1.644786
1.644786
1.644786
1.644786
1.644786
1.644786
1.644786
1.644786
1.644786
1.644786
1.644786
1.644786
1.644786
1.644786
1.644786
1.644786
1.644786
1.644786
1.644786
1.644786
1.644786
1.644786
1.644786
1.644786
1.644786
1.644786
1.644786
1.644786
1.644786
1.644786
1.644786
1.644786
1.644786
1.644786
1.644787
1.644787
1.644787
1.644787
1.644787
1.644787
1.644787
1.644787
1.644787
1.644787
1.644787
1.644787
1.644787
1.644787
1.644787
1.644787
1.644787
1.644787
1.644787
1.644787
1.644787
1.644787
1.644787
1.644787
1.644787
1.644787
1.644787
1.644787
1.644787
1.644787
1.644787
1.644787
1.644787
1.644787
1.644787
1.644787
1.644787
1.644787
1.644787
1.644787
1.644787
1.644787
1.644787
1.644787
1.644787
1.644787
1.644788
1.644788
1.644788
1.644788
1.644788
1.644788
1.644788
1.644788
1.644788
1.644788
1.644788
1.644788
1.644788
1.644788
1.644788
1.644788
1.644788
1.644788
1.644788
1.644788
1.644788
1.644788
1.644788
1.644788
1.644788
1.644788
1.644788
1.644788
1.644788
1.644788
1.644788
1.644788
1.644788
1.644788
1.644788
1.644788
1.644788
1.644788
1.644788
1.644788
1.644788
1.644788
1.644788
1.644788
1.644788
1.644788
1.644788
1.644789
1.644789
1.644789
1.644789
1.644789
1.644789
1.644789
1.644789
1.644789
1.644789
1.644789
1.644789
1.644789
1.644789
1.644789
1.644789
1.644789
1.644789
1.644789
1.644789
1.644789
1.644789
1.644789
1.644789
1.644789
1.644789
1.644789
1.644789
1.644789
1.644789
1.644789
1.644789
1.644789
1.644789
1.644789
1.644789
1.644789
1.644789
1.644789
1.644789
1.644789
1.644789
1.644789
1.644789
1.644789
1.644789
1.644789
1.644790
1.644790
1.644790
1.644790
1.644790
1.644790
1.644790
1.644790
1.644790
1.644790
1.644790
1.644790
1.644790
1.644790
1.644790
1.644790
1.644790
1.644790
1.644790
1.644790
1.644790
1.644790
1.644790
1.644790
1.644790
1.644790
1.644790
1.644790
1.644790
1.644790
1.644790
1.644790
1.644790
1.644790
1.644790
1.644790
1.644790
1.644790
1.644790
1.644790
1.644790
1.644790
1.644790
1.644790
1.644790
1.644790
1.644790
1.644790
1.644791
1.644791
1.644791
1.644791
1.644791
1.644791
1.644791
1.644791
1.644791
1.644791
1.644791
1.644791
1.644791
1.644791
1.644791
1.644791
1.644791
1.644791
1.644791
1.644791
1.644791
1.644791
1.644791
1.644791
1.644791
1.644791
1.644791
1.644791
1.644791
1.644791
1.644791
1.644791
1.644791
1.644791
1.644791
1.644791
1.644791
1.644791
1.644791
1.644791
1.644791
1.644791
1.644791
1.644791
1.644791
1.644791
1.644791
1.644791
1.644791
1.644792
1.644792
1.644792
1.644792
1.644792
1.644792
1.644792
1.644792
1.644792
1.644792
1.644792
1.644792
1.644792
1.644792
1.644792
1.644792
1.644792
1.644792
1.644792
1.644792
1.644792
1.644792
1.644792
1.644792
1.644792
1.644792
1.644792
1.644792
1.644792
1.644792
1.644792
1.644792
1.644792
1.644792
1.644792
1.644792
1.644792
1.644792
1.644792
1.644792
1.644792
1.644792
1.644792
1.644792
1.644792
1.644792
1.644792
1.644792
1.644792
1.644792
1.644793
1.644793
1.644793
1.644793
1.644793
1.644793
1.644793
1.644793
1.644793
1.644793
1.644793
1.644793
1.644793
1.644793
1.644793
1.644793
1.644793
1.644793
1.644793
1.644793
1.644793
1.644793
1.644793
1.644793
1.644793
1.644793
1.644793
1.644793
1.644793
1.644793
1.644793
1.644793
1.644793
1.644793
1.644793
1.644793
1.644793
1.644793
1.644793
1.644793
1.644793
1.644793
1.644793
1.644793
1.644793
1.644793
1.644793
1.644793
1.644793
1.644793
1.644794
1.644794
1.644794
1.644794
1.644794
1.644794
1.644794
1.644794
1.644794
1.644794
1.644794
1.644794
1.644794
1.644794
1.644794
1.644794
1.644794
1.644794
1.644794
1.644794
1.644794
1.644794
1.644794
1.644794
1.644794
1.644794
1.644794
1.644794
1.644794
1.644794
1.644794
1.644794
1.644794
1.644794
1.644794
1.644794
1.644794
1.644794
1.644794
1.644794
1.644794
1.644794
1.644794
1.644794
1.644794
1.644794
1.644794
1.644794
1.644794
1.644794
1.644794
1.644795
1.644795
1.644795
1.644795
1.644795
1.644795
1.644795
1.644795
1.644795
1.644795
1.644795
1.644795
1.644795
1.644795
1.644795
1.644795
1.644795
1.644795
1.644795
1.644795
1.644795
1.644795
1.644795
1.644795
1.644795
1.644795
1.644795
1.644795
1.644795
1.644795
1.644795
1.644795
1.644795
1.644795
1.644795
1.644795
1.644795
1.644795
1.644795
1.644795
1.644795
1.644795
1.644795
1.644795
1.644795
1.644795
1.644795
1.644795
1.644795
1.644795
1.644795
1.644795
1.644796
1.644796
1.644796
1.644796
1.644796
1.644796
1.644796
1.644796
1.644796
1.644796
1.644796
1.644796
1.644796
1.644796
1.644796
1.644796
1.644796
1.644796
1.644796
1.644796
1.644796
1.644796
1.644796
1.644796
1.644796
1.644796
1.644796
1.644796
1.644796
1.644796
1.644796
1.644796
1.644796
1.644796
1.644796
1.644796
1.644796
1.644796
1.644796
1.644796
1.644796
1.644796
1.644796
1.644796
1.644796
1.644796
1.644796
1.644796
1.644796
1.644796
1.644796
1.644796
1.644797
1.644797
1.644797
1.644797
1.644797
1.644797
1.644797
1.644797
1.644797
1.644797
1.644797
1.644797
1.644797
1.644797
1.644797
1.644797
1.644797
1.644797
1.644797
1.644797
1.644797
1.644797
1.644797
1.644797
1.644797
1.644797
1.644797
1.644797
1.644797
1.644797
1.644797
1.644797
1.644797
1.644797
1.644797
1.644797
1.644797
1.644797
1.644797
1.644797
1.644797
1.644797
1.644797
1.644797
1.644797
1.644797
1.644797
1.644797
1.644797
1.644797
1.644797
1.644797
1.644797
1.644798
1.644798
1.644798
1.644798
1.644798
1.644798
1.644798
1.644798
1.644798
1.644798
1.644798
1.644798
1.644798
1.644798
1.644798
1.644798
1.644798
1.644798
1.644798
1.644798
1.644798
1.644798
1.644798
1.644798
1.644798
1.644798
1.644798
1.644798
1.644798
1.644798
1.644798
1.644798
1.644798
1.644798
1.644798
1.644798
1.644798
1.644798
1.644798
1.644798
1.644798
1.644798
1.644798
1.644798
1.644798
1.644798
1.644798
1.644798
1.644798
1.644798
1.644798
1.644798
1.644798
1.644798
1.644799
1.644799
1.644799
1.644799
1.644799
1.644799
1.644799
1.644799
1.644799
1.644799
1.644799
1.644799
1.644799
1.644799
1.644799
1.644799
1.644799
1.644799
1.644799
1.644799
1.644799
1.644799
1.644799
1.644799
1.644799
1.644799
1.644799
1.644799
1.644799
1.644799
1.644799
1.644799
1.644799
1.644799
1.644799
1.644799
1.644799
1.644799
1.644799
1.644799
1.644799
1.644799
1.644799
1.644799
1.644799
1.644799
1.644799
1.644799
1.644799
1.644799
1.644799
1.644799
1.644799
1.644799
1.644799
1.644800
1.644800
1.644800
1.644800
1.644800
1.644800
1.644800
1.644800
1.644800
1.644800
1.644800
1.644800
1.644800
1.644800
1.644800
1.644800
1.644800
1.644800
1.644800
1.644800
1.644800
1.644800
1.644800
1.644800
1.644800
1.644800
1.644800
1.644800
1.644800
1.644800
1.644800
1.644800
1.644800
1.644800
1.644800
1.644800
1.644800
1.644800
1.644800
1.644800
1.644800
1.644800
1.644800
1.644800
1.644800
1.644800
1.644800
1.644800
1.644800
1.644800
1.644800
1.644800
1.644800
1.644800
1.644800
1.644800
1.644801
1.644801
1.644801
1.644801
1.644801
1.644801
1.644801
1.644801
1.644801
1.644801
1.644801
1.644801
1.644801
1.644801
1.644801
1.644801
1.644801
1.644801
1.644801
1.644801
1.644801
1.644801
1.644801
1.644801
1.644801
1.644801
1.644801
1.644801
1.644801
1.644801
1.644801
1.644801
1.644801
1.644801
1.644801
1.644801
1.644801
1.644801
1.644801
1.644801
1.644801
1.644801
1.644801
1.644801
1.644801
1.644801
1.644801
1.644801
1.644801
1.644801
1.644801
1.644801
1.644801
1.644801
1.644801
1.644801
1.644802
1.644802
1.644802
1.644802
1.644802
1.644802
1.644802
1.644802
1.644802
1.644802
1.644802
1.644802
1.644802
1.644802
1.644802
1.644802
1.644802
1.644802
1.644802
1.644802
1.644802
1.644802
1.644802
1.644802
1.644802
1.644802
1.644802
1.644802
1.644802
1.644802
1.644802
1.644802
1.644802
1.644802
1.644802
1.644802
1.644802
1.644802
1.644802
1.644802
1.644802
1.644802
1.644802
1.644802
1.644802
1.644802
1.644802
1.644802
1.644802
1.644802
1.644802
1.644802
1.644802
1.644802
1.644802
1.644802
1.644802
1.644802
1.644803
1.644803
1.644803
1.644803
1.644803
1.644803
1.644803
1.644803
1.644803
1.644803
1.644803
1.644803
1.644803
1.644803
1.644803
1.644803
1.644803
1.644803
1.644803
1.644803
1.644803
1.644803
1.644803
1.644803
1.644803
1.644803
1.644803
1.644803
1.644803
1.644803
1.644803
1.644803
1.644803
1.644803
1.644803
1.644803
1.644803
1.644803
1.644803
1.644803
1.644803
1.644803
1.644803
1.644803
1.644803
1.644803
1.644803
1.644803
1.644803
1.644803
1.644803
1.644803
1.644803
1.644803
1.644803
1.644803
1.644803
1.644803
1.644804
1.644804
1.644804
1.644804
1.644804
1.644804
1.644804
1.644804
1.644804
1.644804
1.644804
1.644804
1.644804
1.644804
1.644804
1.644804
1.644804
1.644804
1.644804
1.644804
1.644804
1.644804
1.644804
1.644804
1.644804
1.644804
1.644804
1.644804
1.644804
1.644804
1.644804
1.644804
1.644804
1.644804
1.644804
1.644804
1.644804
1.644804
1.644804
1.644804
1.644804
1.644804
1.644804
1.644804
1.644804
1.644804
1.644804
1.644804
1.644804
1.644804
1.644804
1.644804
1.644804
1.644804
1.644804
1.644804
1.644804
1.644804
1.644804
1.644805
1.644805
1.644805
1.644805
1.644805
1.644805
1.644805
1.644805
1.644805
1.644805
1.644805
1.644805
1.644805
1.644805
1.644805
1.644805
1.644805
1.644805
1.644805
1.644805
1.644805
1.644805
1.644805
1.644805
1.644805
1.644805
1.644805
1.644805
1.644805
1.644805
1.644805
1.644805
1.644805
1.644805
1.644805
1.644805
1.644805
1.644805
1.644805
1.644805
1.644805
1.644805
1.644805
1.644805
1.644805
1.644805
1.644805
1.644805
1.644805
1.644805
1.644805
1.644805
1.644805
1.644805
1.644805
1.644805
1.644805
1.644805
1.644805
1.644805
1.644806
1.644806
1.644806
1.644806
1.644806
1.644806
1.644806
1.644806
1.644806
1.644806
1.644806
1.644806
1.644806
1.644806
1.644806
1.644806
1.644806
1.644806
1.644806
1.644806
1.644806
1.644806
1.644806
1.644806
1.644806
1.644806
1.644806
1.644806
1.644806
1.644806
1.644806
1.644806
1.644806
1.644806
1.644806
1.644806
1.644806
1.644806
1.644806
1.644806
1.644806
1.644806
1.644806
1.644806
1.644806
1.644806
1.644806
1.644806
1.644806
1.644806
1.644806
1.644806
1.644806
1.644806
1.644806
1.644806
1.644806
1.644806
1.644806
1.644806
1.644806
1.644807
1.644807
1.644807
1.644807
1.644807
1.644807
1.644807
1.644807
1.644807
1.644807
1.644807
1.644807
1.644807
1.644807
1.644807
1.644807
1.644807
1.644807
1.644807
1.644807
1.644807
1.644807
1.644807
1.644807
1.644807
1.644807
1.644807
1.644807
1.644807
1.644807
1.644807
1.644807
1.644807
1.644807
1.644807
1.644807
1.644807
1.644807
1.644807
1.644807
1.644807
1.644807
1.644807
1.644807
1.644807
1.644807
1.644807
1.644807
1.644807
1.644807
1.644807
1.644807
1.644807
1.644807
1.644807
1.644807
1.644807
1.644807
1.644807
1.644807
1.644807
1.644807
1.644808
1.644808
1.644808
1.644808
1.644808
1.644808
1.644808
1.644808
1.644808
1.644808
1.644808
1.644808
1.644808
1.644808
1.644808
1.644808
1.644808
1.644808
1.644808
1.644808
1.644808
1.644808
1.644808
1.644808
1.644808
1.644808
1.644808
1.644808
1.644808
1.644808
1.644808
1.644808
1.644808
1.644808
1.644808
1.644808
1.644808
1.644808
1.644808
1.644808
1.644808
1.644808
1.644808
1.644808
1.644808
1.644808
1.644808
1.644808
1.644808
1.644808
1.644808
1.644808
1.644808
1.644808
1.644808
1.644808
1.644808
1.644808
1.644808
1.644808
1.644808
1.644808
1.644808
1.644809
1.644809
1.644809
1.644809
1.644809
1.644809
1.644809
1.644809
1.644809
1.644809
1.644809
1.644809
1.644809
1.644809
1.644809
1.644809
1.644809
1.644809
1.644809
1.644809
1.644809
1.644809
1.644809
1.644809
1.644809
1.644809
1.644809
1.644809
1.644809
1.644809
1.644809
1.644809
1.644809
1.644809
1.644809
1.644809
1.644809
1.644809
1.644809
1.644809
1.644809
1.644809
1.644809
1.644809
1.644809
1.644809
1.644809
1.644809
1.644809
1.644809
1.644809
1.644809
1.644809
1.644809
1.644809
1.644809
1.644809
1.644809
1.644809
1.644809
1.644809
1.644809
1.644809
1.644809
1.644810
1.644810
1.644810
1.644810
1.644810
1.644810
1.644810
1.644810
1.644810
1.644810
1.644810
1.644810
1.644810
1.644810
1.644810
1.644810
1.644810
1.644810
1.644810
1.644810
1.644810
1.644810
1.644810
1.644810
1.644810
1.644810
1.644810
1.644810
1.644810
1.644810
1.644810
1.644810
1.644810
1.644810
1.644810
1.644810
1.644810
1.644810
1.644810
1.644810
1.644810
1.644810
1.644810
1.644810
1.644810
1.644810
1.644810
1.644810
1.644810
1.644810
1.644810
1.644810
1.644810
1.644810
1.644810
1.644810
1.644810
1.644810
1.644810
1.644810
1.644810
1.644810
1.644810
1.644810
1.644810
1.644811
1.644811
1.644811
1.644811
1.644811
1.644811
1.644811
1.644811
1.644811
1.644811
1.644811
1.644811
1.644811
1.644811
1.644811
1.644811
1.644811
1.644811
1.644811
1.644811
1.644811
1.644811
1.644811
1.644811
1.644811
1.644811
1.644811
1.644811
1.644811
1.644811
1.644811
1.644811
1.644811
1.644811
1.644811
1.644811
1.644811
1.644811
1.644811
1.644811
1.644811
1.644811
1.644811
1.644811
1.644811
1.644811
1.644811
1.644811
1.644811
1.644811
1.644811
1.644811
1.644811
1.644811
1.644811
1.644811
1.644811
1.644811
1.644811
1.644811
1.644811
1.644811
1.644811
1.644811
1.644811
1.644811
1.644812
1.644812
1.644812
1.644812
1.644812
1.644812
1.644812
1.644812
1.644812
1.644812
1.644812
1.644812
1.644812
1.644812
1.644812
1.644812
1.644812
1.644812
1.644812
1.644812
1.644812
1.644812
1.644812
1.644812
1.644812
1.644812
1.644812
1.644812
1.644812
1.644812
1.644812
1.644812
1.644812
1.644812
1.644812
1.644812
1.644812
1.644812
1.644812
1.644812
1.644812
1.644812
1.644812
1.644812
1.644812
1.644812
1.644812
1.644812
1.644812
1.644812
1.644812
1.644812
1.644812
1.644812
1.644812
1.644812
1.644812
1.644812
1.644812
1.644812
1.644812
1.644812
1.644812
1.644812
1.644812
1.644812
1.644812
1.644813
1.644813
1.644813
1.644813
1.644813
1.644813
1.644813
1.644813
1.644813
1.644813
1.644813
1.644813
1.644813
1.644813
1.644813
1.644813
1.644813
1.644813
1.644813
1.644813
1.644813
1.644813
1.644813
1.644813
1.644813
1.644813
1.644813
1.644813
1.644813
1.644813
1.644813
1.644813
1.644813
1.644813
1.644813
1.644813
1.644813
1.644813
1.644813
1.644813
1.644813
1.644813
1.644813
1.644813
1.644813
1.644813
1.644813
1.644813
1.644813
1.644813
1.644813
1.644813
1.644813
1.644813
1.644813
1.644813
1.644813
1.644813
1.644813
1.644813
1.644813
1.644813
1.644813
1.644813
1.644813
1.644813
1.644813
1.644813
1.644814
1.644814
1.644814
1.644814
1.644814
1.644814
1.644814
1.644814
1.644814
1.644814
1.644814
1.644814
1.644814
1.644814
1.644814
1.644814
1.644814
1.644814
1.644814
1.644814
1.644814
1.644814
1.644814
1.644814
1.644814
1.644814
1.644814
1.644814
1.644814
1.644814
1.644814
1.644814
1.644814
1.644814
1.644814
1.644814
1.644814
1.644814
1.644814
1.644814
1.644814
1.644814
1.644814
1.644814
1.644814
1.644814
1.644814
1.644814
1.644814
1.644814
1.644814
1.644814
1.644814
1.644814
1.644814
1.644814
1.644814
1.644814
1.644814
1.644814
1.644814
1.644814
1.644814
1.644814
1.644814
1.644814
1.644814
1.644814
1.644814
1.644814
1.644815
1.644815
1.644815
1.644815
1.644815
1.644815
1.644815
1.644815
1.644815
1.644815
1.644815
1.644815
1.644815
1.644815
1.644815
1.644815
1.644815
1.644815
1.644815
1.644815
1.644815
1.644815
1.644815
1.644815
1.644815
1.644815
1.644815
1.644815
1.644815
1.644815
1.644815
1.644815
1.644815
1.644815
1.644815
1.644815
1.644815
1.644815
1.644815
1.644815
1.644815
1.644815
1.644815
1.644815
1.644815
1.644815
1.644815
1.644815
1.644815
1.644815
1.644815
1.644815
1.644815
1.644815
1.644815
1.644815
1.644815
1.644815
1.644815
1.644815
1.644815
1.644815
1.644815
1.644815
1.644815
1.644815
1.644815
1.644815
1.644815
1.644815
1.644816
1.644816
1.644816
1.644816
1.644816
1.644816
1.644816
1.644816
1.644816
1.644816
1.644816
1.644816
1.644816
1.644816
1.644816
1.644816
1.644816
1.644816
1.644816
1.644816
1.644816
1.644816
1.644816
1.644816
1.644816
1.644816
1.644816
1.644816
1.644816
1.644816
1.644816
1.644816
1.644816
1.644816
1.644816
1.644816
1.644816
1.644816
1.644816
1.644816
1.644816
1.644816
1.644816
1.644816
1.644816
1.644816
1.644816
1.644816
1.644816
1.644816
1.644816
1.644816
1.644816
1.644816
1.644816
1.644816
1.644816
1.644816
1.644816
1.644816
1.644816
1.644816
1.644816
1.644816
1.644816
1.644816
1.644816
1.644816
1.644816
1.644816
1.644816
1.644816
1.644817
1.644817
1.644817
1.644817
1.644817
1.644817
1.644817
1.644817
1.644817
1.644817
1.644817
1.644817
1.644817
1.644817
1.644817
1.644817
1.644817
1.644817
1.644817
1.644817
1.644817
1.644817
1.644817
1.644817
1.644817
1.644817
1.644817
1.644817
1.644817
1.644817
1.644817
1.644817
1.644817
1.644817
1.644817
1.644817
1.644817
1.644817
1.644817
1.644817
1.644817
1.644817
1.644817
1.644817
1.644817
1.644817
1.644817
1.644817
1.644817
1.644817
1.644817
1.644817
1.644817
1.644817
1.644817
1.644817
1.644817
1.644817
1.644817
1.644817
1.644817
1.644817
1.644817
1.644817
1.644817
1.644817
1.644817
1.644817
1.644817
1.644817
1.644817
1.644817
1.644817
1.644818
1.644818
1.644818
1.644818
1.644818
1.644818
1.644818
1.644818
1.644818
1.644818
1.644818
1.644818
1.644818
1.644818
1.644818
1.644818
1.644818
1.644818
1.644818
1.644818
1.644818
1.644818
1.644818
1.644818
1.644818
1.644818
1.644818
1.644818
1.644818
1.644818
1.644818
1.644818
1.644818
1.644818
1.644818
1.644818
1.644818
1.644818
1.644818
1.644818
1.644818
1.644818
1.644818
1.644818
1.644818
1.644818
1.644818
1.644818
1.644818
1.644818
1.644818
1.644818
1.644818
1.644818
1.644818
1.644818
1.644818
1.644818
1.644818
1.644818
1.644818
1.644818
1.644818
1.644818
1.644818
1.644818
1.644818
1.644818
1.644818
1.644818
1.644818
1.644818
1.644818
1.644818
1.644819
1.644819
1.644819
1.644819
1.644819
1.644819
1.644819
1.644819
1.644819
1.644819
1.644819
1.644819
1.644819
1.644819
1.644819
1.644819
1.644819
1.644819
1.644819
1.644819
1.644819
1.644819
1.644819
1.644819
1.644819
1.644819
1.644819
1.644819
1.644819
1.644819
1.644819
1.644819
1.644819
1.644819
1.644819
1.644819
1.644819
1.644819
1.644819
1.644819
1.644819
1.644819
1.644819
1.644819
1.644819
1.644819
1.644819
1.644819
1.644819
1.644819
1.644819
1.644819
1.644819
1.644819
1.644819
1.644819
1.644819
1.644819
1.644819
1.644819
1.644819
1.644819
1.644819
1.644819
1.644819
1.644819
1.644819
1.644819
1.644819
1.644819
1.644819
1.644819
1.644819
1.644819
1.644819
1.644819
1.644820
1.644820
1.644820
1.644820
1.644820
1.644820
1.644820
1.644820
1.644820
1.644820
1.644820
1.644820
1.644820
1.644820
1.644820
1.644820
1.644820
1.644820
1.644820
1.644820
1.644820
1.644820
1.644820
1.644820
1.644820
1.644820
1.644820
1.644820
1.644820
1.644820
1.644820
1.644820
1.644820
1.644820
1.644820
1.644820
1.644820
1.644820
1.644820
1.644820
1.644820
1.644820
1.644820
1.644820
1.644820
1.644820
1.644820
1.644820
1.644820
1.644820
1.644820
1.644820
1.644820
1.644820
1.644820
1.644820
1.644820
1.644820
1.644820
1.644820
1.644820
1.644820
1.644820
1.644820
1.644820
1.644820
1.644820
1.644820
1.644820
1.644820
1.644820
1.644820
1.644820
1.644820
1.644820
1.644820
1.644821
1.644821
1.644821
1.644821
1.644821
1.644821
1.644821
1.644821
1.644821
1.644821
1.644821
1.644821
1.644821
1.644821
1.644821
1.644821
1.644821
1.644821
1.644821
1.644821
1.644821
1.644821
1.644821
1.644821
1.644821
1.644821
1.644821
1.644821
1.644821
1.644821
1.644821
1.644821
1.644821
1.644821
1.644821
1.644821
1.644821
1.644821
1.644821
1.644821
1.644821
1.644821
1.644821
1.644821
1.644821
1.644821
1.644821
1.644821
1.644821
1.644821
1.644821
1.644821
1.644821
1.644821
1.644821
1.644821
1.644821
1.644821
1.644821
1.644821
1.644821
1.644821
1.644821
1.644821
1.644821
1.644821
1.644821
1.644821
1.644821
1.644821
1.644821
1.644821
1.644821
1.644821
1.644821
1.644821
1.644821
1.644821
1.644821
1.644822
1.644822
1.644822
1.644822
1.644822
1.644822
1.644822
1.644822
1.644822
1.644822
1.644822
1.644822
1.644822
1.644822
1.644822
1.644822
1.644822
1.644822
1.644822
1.644822
1.644822
1.644822
1.644822
1.644822
1.644822
1.644822
1.644822
1.644822
1.644822
1.644822
1.644822
1.644822
1.644822
1.644822
1.644822
1.644822
1.644822
1.644822
1.644822
1.644822
1.644822
1.644822
1.644822
1.644822
1.644822
1.644822
1.644822
1.644822
1.644822
1.644822
1.644822
1.644822
1.644822
1.644822
1.644822
1.644822
1.644822
1.644822
1.644822
1.644822
1.644822
1.644822
1.644822
1.644822
1.644822
1.644822
1.644822
1.644822
1.644822
1.644822
1.644822
1.644822
1.644822
1.644822
1.644822
1.644822
1.644822
1.644822
1.644822
1.644823
1.644823
1.644823
1.644823
1.644823
1.644823
1.644823
1.644823
1.644823
1.644823
1.644823
1.644823
1.644823
1.644823
1.644823
1.644823
1.644823
1.644823
1.644823
1.644823
1.644823
1.644823
1.644823
1.644823
1.644823
1.644823
1.644823
1.644823
1.644823
1.644823
1.644823
1.644823
1.644823
1.644823
1.644823
1.644823
1.644823
1.644823
1.644823
1.644823
1.644823
1.644823
1.644823
1.644823
1.644823
1.644823
1.644823
1.644823
1.644823
1.644823
1.644823
1.644823
1.644823
1.644823
1.644823
1.644823
1.644823
1.644823
1.644823
1.644823
1.644823
1.644823
1.644823
1.644823
1.644823
1.644823
1.644823
1.644823
1.644823
1.644823
1.644823
1.644823
1.644823
1.644823
1.644823
1.644823
1.644823
1.644823
1.644823
1.644823
1.644823
1.644824
1.644824
1.644824
1.644824
1.644824
1.644824
1.644824
1.644824
1.644824
1.644824
1.644824
1.644824
1.644824
1.644824
1.644824
1.644824
1.644824
1.644824
1.644824
1.644824
1.644824
1.644824
1.644824
1.644824
1.644824
1.644824
1.644824
1.644824
1.644824
1.644824
1.644824
1.644824
1.644824
1.644824
1.644824
1.644824
1.644824
1.644824
1.644824
1.644824
1.644824
1.644824
1.644824
1.644824
1.644824
1.644824
1.644824
1.644824
1.644824
1.644824
1.644824
1.644824
1.644824
1.644824
1.644824
1.644824
1.644824
1.644824
1.644824
1.644824
1.644824
1.644824
1.644824
1.644824
1.644824
1.644824
1.644824
1.644824
1.644824
1.644824
1.644824
1.644824
1.644824
1.644824
1.644824
1.644824
1.644824
1.644824
1.644824
1.644824
1.644824
1.644824
1.644824
1.644825
1.644825
1.644825
1.644825
1.644825
1.644825
1.644825
1.644825
1.644825
1.644825
1.644825
1.644825
1.644825
1.644825
1.644825
1.644825
1.644825
1.644825
1.644825
1.644825
1.644825
1.644825
1.644825
1.644825
1.644825
1.644825
1.644825
1.644825
1.644825
1.644825
1.644825
1.644825
1.644825
1.644825
1.644825
1.644825
1.644825
1.644825
1.644825
1.644825
1.644825
1.644825
1.644825
1.644825
1.644825
1.644825
1.644825
1.644825
1.644825
1.644825
1.644825
1.644825
1.644825
1.644825
1.644825
1.644825
1.644825
1.644825
1.644825
1.644825
1.644825
1.644825
1.644825
1.644825
1.644825
1.644825
1.644825
1.644825
1.644825
1.644825
1.644825
1.644825
1.644825
1.644825
1.644825
1.644825
1.644825
1.644825
1.644825
1.644825
1.644825
1.644825
1.644825
1.644825
1.644826
1.644826
1.644826
1.644826
1.644826
1.644826
1.644826
1.644826
1.644826
1.644826
1.644826
1.644826
1.644826
1.644826
1.644826
1.644826
1.644826
1.644826
1.644826
1.644826
1.644826
1.644826
1.644826
1.644826
1.644826
1.644826
1.644826
1.644826
1.644826
1.644826
1.644826
1.644826
1.644826
1.644826
1.644826
1.644826
1.644826
1.644826
1.644826
1.644826
1.644826
1.644826
1.644826
1.644826
1.644826
1.644826
1.644826
1.644826
1.644826
1.644826
1.644826
1.644826
1.644826
1.644826
1.644826
1.644826
1.644826
1.644826
1.644826
1.644826
1.644826
1.644826
1.644826
1.644826
1.644826
1.644826
1.644826
1.644826
1.644826
1.644826
1.644826
1.644826
1.644826
1.644826
1.644826
1.644826
1.644826
1.644826
1.644826
1.644826
1.644826
1.644826
1.644826
1.644826
1.644826
1.644826
1.644827
1.644827
1.644827
1.644827
1.644827
1.644827
1.644827
1.644827
1.644827
1.644827
1.644827
1.644827
1.644827
1.644827
1.644827
1.644827
1.644827
1.644827
1.644827
1.644827
1.644827
1.644827
1.644827
1.644827
1.644827
1.644827
1.644827
1.644827
1.644827
1.644827
1.644827
1.644827
1.644827
1.644827
1.644827
1.644827
1.644827
1.644827
1.644827
1.644827
1.644827
1.644827
1.644827
1.644827
1.644827
1.644827
1.644827
1.644827
1.644827
1.644827
1.644827
1.644827
1.644827
1.644827
1.644827
1.644827
1.644827
1.644827
1.644827
1.644827
1.644827
1.644827
1.644827
1.644827
1.644827
1.644827
1.644827
1.644827
1.644827
1.644827
1.644827
1.644827
1.644827
1.644827
1.644827
1.644827
1.644827
1.644827
1.644827
1.644827
1.644827
1.644827
1.644827
1.644827
1.644827
1.644827
1.644827
1.644828
1.644828
1.644828
1.644828
1.644828
1.644828
1.644828
1.644828
1.644828
1.644828
1.644828
1.644828
1.644828
1.644828
1.644828
1.644828
1.644828
1.644828
1.644828
1.644828
1.644828
1.644828
1.644828
1.644828
1.644828
1.644828
1.644828
1.644828
1.644828
1.644828
1.644828
1.644828
1.644828
1.644828
1.644828
1.644828
1.644828
1.644828
1.644828
1.644828
1.644828
1.644828
1.644828
1.644828
1.644828
1.644828
1.644828
1.644828
1.644828
1.644828
1.644828
1.644828
1.644828
1.644828
1.644828
1.644828
1.644828
1.644828
1.644828
1.644828
1.644828
1.644828
1.644828
1.644828
1.644828
1.644828
1.644828
1.644828
1.644828
1.644828
1.644828
1.644828
1.644828
1.644828
1.644828
1.644828
1.644828
1.644828
1.644828
1.644828
1.644828
1.644828
1.644828
1.644828
1.644828
1.644828
1.644828
1.644828
1.644828
1.644829
1.644829
1.644829
1.644829
1.644829
1.644829
1.644829
1.644829
1.644829
1.644829
1.644829
1.644829
1.644829
1.644829
1.644829
1.644829
1.644829
1.644829
1.644829
1.644829
1.644829
1.644829
1.644829
1.644829
1.644829
1.644829
1.644829
1.644829
1.644829
1.644829
1.644829
1.644829
1.644829
1.644829
1.644829
1.644829
1.644829
1.644829
1.644829
1.644829
1.644829
1.644829
1.644829
1.644829
1.644829
1.644829
1.644829
1.644829
1.644829
1.644829
1.644829
1.644829
1.644829
1.644829
1.644829
1.644829
1.644829
1.644829
1.644829
1.644829
1.644829
1.644829
1.644829
1.644829
1.644829
1.644829
1.644829
1.644829
1.644829
1.644829
1.644829
1.644829
1.644829
1.644829
1.644829
1.644829
1.644829
1.644829
1.644829
1.644829
1.644829
1.644829
1.644829
1.644829
1.644829
1.644829
1.644829
1.644829
1.644829
1.644829
1.644830
1.644830
1.644830
1.644830
1.644830
1.644830
1.644830
1.644830
1.644830
1.644830
1.644830
1.644830
1.644830
1.644830
1.644830
1.644830
1.644830
1.644830
1.644830
1.644830
1.644830
1.644830
1.644830
1.644830
1.644830
1.644830
1.644830
1.644830
1.644830
1.644830
1.644830
1.644830
1.644830
1.644830
1.644830
1.644830
1.644830
1.644830
1.644830
1.644830
1.644830
1.644830
1.644830
1.644830
1.644830
1.644830
1.644830
1.644830
1.644830
1.644830
1.644830
1.644830
1.644830
1.644830
1.644830
1.644830
1.644830
1.644830
1.644830
1.644830
1.644830
1.644830
1.644830
1.644830
1.644830
1.644830
1.644830
1.644830
1.644830
1.644830
1.644830
1.644830
1.644830
1.644830
1.644830
1.644830
1.644830
1.644830
1.644830
1.644830
1.644830
1.644830
1.644830
1.644830
1.644830
1.644830
1.644830
1.644830
1.644830
1.644830
1.644830
1.644830
1.644830
1.644831
1.644831
1.644831
1.644831
1.644831
1.644831
1.644831
1.644831
1.644831
1.644831
1.644831
1.644831
1.644831
1.644831
1.644831
1.644831
1.644831
1.644831
1.644831
1.644831
1.644831
1.644831
1.644831
1.644831
1.644831
1.644831
1.644831
1.644831
1.644831
1.644831
1.644831
1.644831
1.644831
1.644831
1.644831
1.644831
1.644831
1.644831
1.644831
1.644831
1.644831
1.644831
1.644831
1.644831
1.644831
1.644831
1.644831
1.644831
1.644831
1.644831
1.644831
1.644831
1.644831
1.644831
1.644831
1.644831
1.644831
1.644831
1.644831
1.644831
1.644831
1.644831
1.644831
1.644831
1.644831
1.644831
1.644831
1.644831
1.644831
1.644831
1.644831
1.644831
1.644831
1.644831
1.644831
1.644831
1.644831
1.644831
1.644831
1.644831
1.644831
1.644831
1.644831
1.644831
1.644831
1.644831
1.644831
1.644831
1.644831
1.644831
1.644831
1.644831
1.644831
1.644831
1.644832
1.644832
1.644832
1.644832
1.644832
1.644832
1.644832
1.644832
1.644832
1.644832
1.644832
1.644832
1.644832
1.644832
1.644832
1.644832
1.644832
1.644832
1.644832
1.644832
1.644832
1.644832
1.644832
1.644832
1.644832
1.644832
1.644832
1.644832
1.644832
1.644832
1.644832
1.644832
1.644832
1.644832
1.644832
1.644832
1.644832
1.644832
1.644832
1.644832
1.644832
1.644832
1.644832
1.644832
1.644832
1.644832
1.644832
1.644832
1.644832
1.644832
1.644832
1.644832
1.644832
1.644832
1.644832
1.644832
1.644832
1.644832
1.644832
1.644832
1.644832
1.644832
1.644832
1.644832
1.644832
1.644832
1.644832
1.644832
1.644832
1.644832
1.644832
1.644832
1.644832
1.644832
1.644832
1.644832
1.644832
1.644832
1.644832
1.644832
1.644832
1.644832
1.644832
1.644832
1.644832
1.644832
1.644832
1.644832
1.644832
1.644832
1.644832
1.644832
1.644832
1.644832
1.644832
1.644832
1.644833
1.644833
1.644833
1.644833
1.644833
1.644833
1.644833
1.644833
1.644833
1.644833
1.644833
1.644833
1.644833
1.644833
1.644833
1.644833
1.644833
1.644833
1.644833
1.644833
1.644833
1.644833
1.644833
1.644833
1.644833
1.644833
1.644833
1.644833
1.644833
1.644833
1.644833
1.644833
1.644833
1.644833
1.644833
1.644833
1.644833
1.644833
1.644833
1.644833
1.644833
1.644833
1.644833
1.644833
1.644833
1.644833
1.644833
1.644833
1.644833
1.644833
1.644833
1.644833
1.644833
1.644833
1.644833
1.644833
1.644833
1.644833
1.644833
1.644833
1.644833
1.644833
1.644833
1.644833
1.644833
1.644833
1.644833
1.644833
1.644833
1.644833
1.644833
1.644833
1.644833
1.644833
1.644833
1.644833
1.644833
1.644833
1.644833
1.644833
1.644833
1.644833
1.644833
1.644833
1.644833
1.644833
1.644833
1.644833
1.644833
1.644833
1.644833
1.644833
1.644833
1.644833
1.644833
1.644833
1.644833
1.644833
1.644834
1.644834
1.644834
1.644834
1.644834
1.644834
1.644834
1.644834
1.644834
1.644834
1.644834
1.644834
1.644834
1.644834
1.644834
1.644834
1.644834
1.644834
1.644834
1.644834
1.644834
1.644834
1.644834
1.644834
1.644834
1.644834
1.644834
1.644834
1.644834
1.644834
1.644834
1.644834
1.644834
1.644834
1.644834
1.644834
1.644834
1.644834
1.644834
1.644834
1.644834
1.644834
1.644834
1.644834
1.644834
1.644834
1.644834
1.644834
1.644834
1.644834
1.644834
1.644834
1.644834
1.644834
1.644834
1.644834
1.644834
